OpenROAD 26Q1-1636-g52ff2a5ea5 
Features included (+) or not (-): +GPU +GUI +Python
This program is licensed under the BSD-3 license. See the LICENSE file for details.
Components of this program may be licensed under more restrictive licenses which must be honored.
[WARNING ORD-0039] .openroad ignored with -python
[INFO ORD-0030] Using 8 thread(s).
[WARNING STA-1187] pdk/lib/sg13g2_stdcell_typ_1p20V_25C_mbff.lib line 155, wireload 1.0k not found.
[WARNING STA-1187] pdk/lib/sg13g2_stdcell_typ_1p20V_25C_mbff.lib line 156, wireload 5.0k not found.
[WARNING STA-1187] pdk/lib/sg13g2_stdcell_typ_1p20V_25C_mbff.lib line 157, wireload 1.0k not found.
[WARNING STA-1187] pdk/lib/sg13g2_stdcell_typ_1p20V_25C_mbff.lib line 158, wireload 2.0k not found.
[WARNING STA-1187] pdk/lib/sg13g2_stdcell_typ_1p20V_25C_mbff.lib line 159, wireload 5.0k not found.
[WARNING STA-1187] pdk/lib/sg13g2_stdcell_typ_1p20V_25C_mbff.lib line 160, wireload 10.0k not found.
[WARNING STA-1187] pdk/lib/sg13g2_stdcell_typ_1p20V_25C_mbff.lib line 161, wireload 30.0k not found.
[WARNING STA-1187] pdk/lib/sg13g2_stdcell_typ_1p20V_25C_mbff.lib line 162, wireload 50.0k not found.
[WARNING STA-1187] pdk/lib/sg13g2_stdcell_typ_1p20V_25C_mbff.lib line 163, wireload 100.0k not found.
[WARNING STA-1187] pdk/lib/sg13g2_stdcell_typ_1p20V_25C_mbff.lib line 164, wireload 200.0k not found.
[WARNING STA-1187] pdk/lib/sg13g2_stdcell_typ_1p20V_25C_mbff.lib line 165, wireload 500.0k not found.
[WARNING ORD-2056] The following 7 liberty cell(s) do not have LEF masters and will be marked as dont-use:
  sg13g2_dfrbp_H2V2X_1
  sg13g2_dfrbp_H2V2X_2
  sg13g2_dfrbp_V2X_1
  sg13g2_dfrbp_V2X_2
  sg13g2_dfrbp_V4X_1
  sg13g2_dfrbp_V4X_2
  sg13g2_dfrbpq_H2V2X_2
[INFO CTS-0050] Root buffer is sg13g2_buf_16.
[INFO CTS-0051] Sink buffer is sg13g2_buf_16.
[INFO CTS-0052] The following clock buffers will be used for CTS:
                    sg13g2_buf_16
[INFO CTS-0049] Characterization buffer is sg13g2_buf_16.
[INFO CTS-0007] Net "clk" found for clock "clk".
[INFO CTS-0010]  Clock net "clk" has 1033 sinks.
[INFO CTS-0008] TritonCTS found 1 clock nets.
[INFO CTS-0097] Characterization used 1 buffer(s) types.
[INFO CTS-0201] 0 blockages from hard placement blockages and placed macros will be used.
[INFO CTS-0027] Generating H-Tree topology for net clk.
[INFO CTS-0028]  Total number of sinks: 1033.
[INFO CTS-0090]  Sinks will be clustered based on buffer max cap.
[INFO CTS-0030]  Number of static layers: 0.
[INFO CTS-0020]  Wire segment unit: 18900  dbu (18 um).
[INFO CTS-0206] Best clustering solution was found from clustering size of 8 and clustering diameter of 50.
[INFO CTS-0019]  Total number of sinks after clustering: 60.
[INFO CTS-0024]  Normalized sink region: [(2.69527, 1.99934), (25.5491, 25.7758)].
[INFO CTS-0025]     Width:  22.8538.
[INFO CTS-0026]     Height: 23.7765.
 Level 1
    Direction: Vertical
    Sinks per sub-region: 30
    Sub-region size: 22.8538 X 11.8882
[INFO CTS-0034]     Segment length (rounded): 6.
 Level 2
    Direction: Horizontal
    Sinks per sub-region: 15
    Sub-region size: 11.4269 X 11.8882
[INFO CTS-0034]     Segment length (rounded): 6.
 Level 3
    Direction: Vertical
    Sinks per sub-region: 8
    Sub-region size: 11.4269 X 5.9441
[INFO CTS-0034]     Segment length (rounded): 2.
 Level 4
    Direction: Horizontal
    Sinks per sub-region: 4
    Sub-region size: 5.7135 X 5.9441
[INFO CTS-0034]     Segment length (rounded): 2.
[INFO CTS-0032]  Stop criterion found. Max number of sinks is 8.
[INFO CTS-0035]  Number of sinks covered: 60.
[INFO CTS-0018]     Created 77 clock buffers.
[INFO CTS-0012]     Minimum number of buffers in the clock path: 3.
[INFO CTS-0013]     Maximum number of buffers in the clock path: 3.
[INFO CTS-0015]     Created 77 clock nets.
[INFO CTS-0016]     Fanout distribution for the current clock = 3:4, 4:12, 7:1, 10:3, 14:2, 15:4, 16:10, 17:7, 18:12, 19:10, 20:9, 21:1, 22:1..
[INFO CTS-0017]     Max level of the clock tree: 4.
[INFO CTS-0098] Clock net "clk"
[INFO CTS-0099]  Sinks 1074
[INFO CTS-0100]  Leaf buffers 60
[INFO CTS-0101]  Average sink wire length 737.69 um
[INFO CTS-0102]  Path depth 2 - 3
[INFO CTS-0207]  Dummy loads inserted 41
Placement Analysis
---------------------------------
total displacement      28498.5 u
average displacement        3.0 u
max displacement           13.1 u
original HPWL          306791.4 u
legalized HPWL         330877.8 u
delta HPWL                    8 %

Iteration |   Area    | Resized | Buffers | Nets repaired | Remaining
---------------------------------------------------------------------
        0 |     +0.0% |       0 |       0 |             0 |      9542
    final |     +0.0% |       0 |       0 |             0 |         0
---------------------------------------------------------------------
Placement Analysis
---------------------------------
total displacement          0.0 u
average displacement        0.0 u
max displacement            0.0 u
original HPWL          330877.8 u
legalized HPWL         330877.8 u
delta HPWL                    0 %

[INFO RSZ-0100] Repair move sequence: UnbufferMove SizeUpMove SwapPinsMove BufferMove SplitLoadMove 
[INFO RSZ-0094] Found 124 endpoints with setup violations.
[INFO RSZ-0099] Repairing 124 out of 124 (100.00%) violating endpoints...
   Iter   | Removed | Resized | Inserted | Cloned |  Pin  |   Area   |    WNS   |   TNS      |  Viol  | Worst
          | Buffers |  Gates  | Buffers  |  Gates | Swaps |          |          |            | Endpts | Endpt
--------------------------------------------------------------------------------------------------------------
        0 |       0 |       0 |        0 |      0 |     0 |    +0.0% |   -0.790 |      -21.7 |    124 | aluout[0]
       10 |       0 |       1 |        7 |      0 |     4 |    +0.0% |   -0.569 |      -19.5 |    124 | aluout[0]
       20 |       0 |       5 |       12 |      0 |     7 |    +0.1% |   -0.531 |      -16.7 |    124 | aluout[1]
       30 |       0 |       9 |       17 |      0 |    10 |    +0.1% |   -0.469 |      -12.6 |    124 | aluout[0]
       40 |       0 |      10 |       26 |      0 |    14 |    +0.2% |   -0.452 |      -12.2 |    124 | aluout[0]
       50 |       0 |      12 |       30 |      0 |    19 |    +0.3% |   -0.456 |      -12.0 |    124 | aluout[0]
       60 |       0 |      15 |       33 |      0 |    24 |    +0.3% |   -0.431 |      -11.9 |    124 | aluout[0]
       70 |       0 |      18 |       39 |      0 |    27 |    +0.3% |   -0.391 |      -11.4 |    124 | aluout[0]
       80 |       0 |      22 |       40 |      0 |    32 |    +0.4% |   -0.359 |      -11.0 |    124 | aluout[24]
       90 |       0 |      24 |       44 |      0 |    36 |    +0.4% |   -0.347 |      -10.7 |    124 | aluout[0]
       99 |       0 |      25 |       51 |      0 |    38 |    +0.4% |   -0.344 |      -10.5 |    124 | aluout[0]
      100 |       0 |      25 |       51 |      0 |    38 |    +0.4% |   -0.344 |      -10.5 |    124 | aluout[0]
      110 |       0 |      29 |       54 |      0 |    41 |    +0.5% |   -0.345 |      -10.4 |    124 | aluout[0]
      113 |       0 |      29 |       57 |      0 |    41 |    +0.5% |   -0.339 |      -10.3 |    124 | aluout[0]
      120 |       0 |      32 |       57 |      0 |    44 |    +0.5% |   -0.339 |       -9.4 |    124 | aluout[0]
      121 |       0 |      32 |       60 |      0 |    44 |    +0.5% |   -0.339 |       -9.3 |    124 | aluout[0]
      130 |       0 |      35 |       62 |      0 |    47 |    +0.5% |   -0.338 |       -9.2 |    124 | aluout[0]
      132 |       0 |      36 |       62 |      0 |    47 |    +0.5% |   -0.338 |       -9.1 |    124 | aluout[0]
      138 |       0 |      39 |       63 |      0 |    48 |    +0.6% |   -0.338 |       -9.1 |    124 | aluout[0]
      140 |       0 |      40 |       63 |      0 |    48 |    +0.6% |   -0.338 |       -9.1 |    124 | aluout[0]
      150 |       2 |      44 |       67 |      0 |    50 |    +0.6% |   -0.351 |       -9.1 |    124 | aluout[0]
      150 |       0 |      40 |       66 |      0 |    50 |    +0.6% |   -0.338 |       -9.1 |    124 | aluout[0]
      154 |       0 |      42 |       66 |      0 |    51 |    +0.6% |   -0.338 |       -9.0 |    124 | aluout[0]
      160 |       0 |      47 |       66 |      0 |    51 |    +0.6% |   -0.338 |       -7.9 |    124 | aluout[0]
      170 |       0 |      53 |       69 |      0 |    52 |    +0.6% |   -0.343 |       -6.7 |    124 | aluout[0]
      173 |       0 |      48 |       67 |      0 |    52 |    +0.6% |   -0.338 |       -7.3 |    123 | aluout[0]
      180 |       0 |      49 |       72 |      0 |    54 |    +0.6% |   -0.338 |       -6.9 |    123 | aluout[0]
      190 |       0 |      53 |       77 |      0 |    58 |    +0.7% |   -0.338 |       -6.6 |    123 | aluout[0]
      200 |       0 |      57 |       80 |      0 |    61 |    +0.7% |   -0.343 |       -6.1 |    123 | aluout[0]
      210 |       0 |      60 |       83 |      0 |    67 |    +0.7% |   -0.367 |       -6.1 |    123 | aluout[0]
      214 |       0 |      53 |       77 |      0 |    58 |    +0.7% |   -0.338 |       -6.6 |    123 | aluout[0]
      220 |       0 |      57 |       78 |      0 |    58 |    +0.7% |   -0.338 |       -5.7 |    123 | aluout[0]
      221 |       0 |      58 |       78 |      0 |    58 |    +0.7% |   -0.338 |       -5.7 |    121 | aluout[0]
      230 |       0 |      60 |       82 |      0 |    60 |    +0.7% |   -0.354 |       -7.2 |    121 | aluout[0]
      232 |       0 |      58 |       78 |      0 |    58 |    +0.7% |   -0.338 |       -5.7 |    121 | aluout[0]
      238 |       0 |      59 |       80 |      0 |    60 |    +0.7% |   -0.338 |       -5.8 |    121 | aluout[0]
      240 |       0 |      60 |       80 |      0 |    60 |    +0.7% |   -0.338 |       -5.7 |    121 | aluout[0]
      242 |       0 |      60 |       81 |      0 |    60 |    +0.7% |   -0.338 |       -5.7 |    121 | aluout[0]
      246 |       0 |      60 |       81 |      0 |    61 |    +0.7% |   -0.338 |       -5.7 |    121 | aluout[0]
      249 |       0 |      60 |       81 |      0 |    61 |    +0.7% |   -0.338 |       -5.7 |    120 | aluout[0]
      250 |       0 |      60 |       81 |      0 |    61 |    +0.7% |   -0.338 |       -5.7 |    120 | aluout[0]
      258 |       0 |      65 |       82 |      0 |    61 |    +0.7% |   -0.338 |       -5.7 |    120 | aluout[0]
      260 |       0 |      65 |       82 |      0 |    62 |    +0.7% |   -0.338 |       -5.7 |    120 | aluout[0]
      261 |       0 |      65 |       82 |      0 |    62 |    +0.7% |   -0.338 |       -5.7 |    120 | aluout[0]
      262 |       0 |      65 |       82 |      0 |    62 |    +0.7% |   -0.338 |       -5.7 |    119 | aluout[0]
      266 |       0 |      65 |       82 |      0 |    62 |    +0.7% |   -0.338 |       -5.7 |    118 | aluout[0]
      270 |       0 |      66 |       82 |      0 |    64 |    +0.7% |   -0.338 |       -5.6 |    118 | aluout[0]
      280 |       0 |      69 |       88 |      0 |    67 |    +0.8% |   -0.343 |       -5.4 |    118 | aluout[0]
      285 |       0 |      67 |       86 |      0 |    66 |    +0.8% |   -0.338 |       -5.5 |    118 | aluout[0]
      290 |       0 |      67 |       88 |      0 |    68 |    +0.8% |   -0.338 |       -5.5 |    118 | aluout[0]
      291 |       0 |      67 |       89 |      0 |    68 |    +0.8% |   -0.338 |       -5.4 |    118 | aluout[0]
      292 |       0 |      67 |       89 |      0 |    68 |    +0.8% |   -0.338 |       -5.4 |    117 | aluout[0]
      296 |       0 |      67 |       91 |      0 |    68 |    +0.8% |   -0.338 |       -5.4 |    116 | aluout[0]
      300 |       0 |      68 |       92 |      0 |    69 |    +0.8% |   -0.362 |       -5.7 |    116 | aluout[0]
      309 |       0 |      67 |       92 |      0 |    69 |    +0.8% |   -0.338 |       -5.4 |    115 | aluout[0]
      310 |       0 |      67 |       92 |      0 |    69 |    +0.8% |   -0.338 |       -5.4 |    115 | aluout[0]
      310 |       0 |      67 |       92 |      0 |    69 |    +0.8% |   -0.338 |       -5.4 |    114 | aluout[0]
      312 |       0 |      68 |       92 |      0 |    69 |    +0.8% |   -0.338 |       -5.3 |    112 | aluout[0]
      320 |       0 |      72 |       94 |      0 |    70 |    +0.8% |   -0.340 |       -5.4 |    112 | aluout[0]
      323 |       0 |      68 |       93 |      0 |    70 |    +0.8% |   -0.338 |       -5.3 |    112 | aluout[0]
      324 |       0 |      68 |       93 |      0 |    70 |    +0.8% |   -0.338 |       -5.3 |    111 | aluout[0]
      325 |       0 |      68 |       93 |      0 |    70 |    +0.8% |   -0.338 |       -5.3 |    110 | aluout[0]
      330 |       0 |      68 |       94 |      0 |    73 |    +0.8% |   -0.338 |       -5.3 |    110 | aluout[0]
      334 |       0 |      68 |       93 |      0 |    70 |    +0.8% |   -0.338 |       -5.3 |    110 | aluout[0]
      335 |       0 |      68 |       93 |      0 |    70 |    +0.8% |   -0.338 |       -5.3 |    109 | aluout[0]
      336 |       0 |      68 |       93 |      0 |    70 |    +0.8% |   -0.338 |       -5.3 |    108 | aluout[0]
      338 |       0 |      68 |       95 |      0 |    70 |    +0.8% |   -0.338 |       -3.4 |    106 | aluout[0]
      339 |       0 |      68 |       95 |      0 |    70 |    +0.8% |   -0.338 |       -3.4 |    105 | aluout[0]
      340 |       0 |      68 |       95 |      0 |    70 |    +0.8% |   -0.338 |       -3.4 |    105 | aluout[0]
      340 |       0 |      68 |       95 |      0 |    70 |    +0.8% |   -0.338 |       -3.4 |    104 | aluout[0]
      341 |       0 |      68 |       95 |      0 |    70 |    +0.8% |   -0.338 |       -3.4 |    103 | aluout[0]
      342 |       0 |      68 |       95 |      0 |    70 |    +0.8% |   -0.338 |       -3.4 |    102 | aluout[0]
      343 |       0 |      68 |       95 |      0 |    70 |    +0.8% |   -0.338 |       -3.4 |    101 | aluout[0]
      344 |       0 |      68 |       95 |      0 |    70 |    +0.8% |   -0.338 |       -3.4 |    100 | aluout[0]
      345 |       0 |      68 |       95 |      0 |    70 |    +0.8% |   -0.338 |       -3.4 |     99 | aluout[0]
      346 |       0 |      68 |       95 |      0 |    70 |    +0.8% |   -0.338 |       -3.4 |     98 | aluout[0]
      347 |       0 |      68 |       95 |      0 |    70 |    +0.8% |   -0.338 |       -3.4 |     97 | aluout[0]
      348 |       0 |      68 |       95 |      0 |    70 |    +0.8% |   -0.338 |       -3.4 |     96 | aluout[0]
      349 |       0 |      68 |       95 |      0 |    70 |    +0.8% |   -0.338 |       -3.4 |     95 | aluout[0]
      350 |       0 |      68 |       95 |      0 |    70 |    +0.8% |   -0.338 |       -3.4 |     95 | aluout[0]
      350 |       0 |      68 |       95 |      0 |    70 |    +0.8% |   -0.338 |       -3.4 |     94 | aluout[0]
      351 |       0 |      68 |       95 |      0 |    70 |    +0.8% |   -0.338 |       -3.4 |     93 | aluout[0]
      352 |       0 |      68 |       95 |      0 |    70 |    +0.8% |   -0.338 |       -3.4 |     92 | aluout[0]
      353 |       0 |      68 |       95 |      0 |    70 |    +0.8% |   -0.338 |       -3.4 |     91 | aluout[0]
      354 |       0 |      68 |       95 |      0 |    70 |    +0.8% |   -0.338 |       -3.4 |     90 | aluout[0]
      355 |       0 |      68 |       95 |      0 |    70 |    +0.8% |   -0.338 |       -3.4 |     89 | aluout[0]
      356 |       0 |      68 |       95 |      0 |    70 |    +0.8% |   -0.338 |       -3.4 |     88 | aluout[0]
      357 |       0 |      68 |       95 |      0 |    70 |    +0.8% |   -0.338 |       -3.4 |     87 | aluout[0]
      358 |       0 |      68 |       95 |      0 |    70 |    +0.8% |   -0.338 |       -3.4 |     86 | aluout[0]
      359 |       0 |      68 |       95 |      0 |    70 |    +0.8% |   -0.338 |       -3.4 |     85 | aluout[0]
      360 |       0 |      68 |       95 |      0 |    70 |    +0.8% |   -0.338 |       -3.4 |     85 | aluout[0]
      360 |       0 |      68 |       95 |      0 |    70 |    +0.8% |   -0.338 |       -3.4 |     84 | aluout[0]
      361 |       0 |      68 |       95 |      0 |    70 |    +0.8% |   -0.338 |       -3.4 |     83 | aluout[0]
      362 |       0 |      68 |       95 |      0 |    70 |    +0.8% |   -0.338 |       -3.4 |     82 | aluout[0]
      363 |       0 |      68 |       95 |      0 |    70 |    +0.8% |   -0.338 |       -3.4 |     81 | aluout[0]
      364 |       0 |      68 |       95 |      0 |    70 |    +0.8% |   -0.338 |       -3.4 |     80 | aluout[0]
      365 |       0 |      68 |       95 |      0 |    70 |    +0.8% |   -0.338 |       -3.4 |     79 | aluout[0]
      366 |       0 |      68 |       95 |      0 |    70 |    +0.8% |   -0.338 |       -3.4 |     78 | aluout[0]
      367 |       0 |      68 |       95 |      0 |    70 |    +0.8% |   -0.338 |       -3.4 |     77 | aluout[0]
      368 |       0 |      68 |       95 |      0 |    70 |    +0.8% |   -0.338 |       -3.4 |     76 | aluout[0]
      369 |       0 |      68 |       95 |      0 |    70 |    +0.8% |   -0.338 |       -3.4 |     75 | aluout[0]
      370 |       0 |      68 |       95 |      0 |    70 |    +0.8% |   -0.338 |       -3.4 |     75 | aluout[0]
      370 |       0 |      68 |       95 |      0 |    70 |    +0.8% |   -0.338 |       -3.4 |     74 | aluout[0]
      371 |       0 |      68 |       95 |      0 |    70 |    +0.8% |   -0.338 |       -3.4 |     73 | aluout[0]
      372 |       0 |      68 |       95 |      0 |    70 |    +0.8% |   -0.338 |       -3.4 |     72 | aluout[0]
      373 |       0 |      68 |       95 |      0 |    70 |    +0.8% |   -0.338 |       -3.4 |     71 | aluout[0]
      374 |       0 |      68 |       95 |      0 |    70 |    +0.8% |   -0.338 |       -3.4 |     70 | aluout[0]
      375 |       0 |      68 |       95 |      0 |    70 |    +0.8% |   -0.338 |       -3.4 |     69 | aluout[0]
      376 |       0 |      68 |       95 |      0 |    70 |    +0.8% |   -0.338 |       -3.4 |     68 | aluout[0]
      377 |       0 |      68 |       95 |      0 |    70 |    +0.8% |   -0.338 |       -3.4 |     67 | aluout[0]
      378 |       0 |      68 |       95 |      0 |    70 |    +0.8% |   -0.338 |       -3.4 |     66 | aluout[0]
      379 |       0 |      68 |       95 |      0 |    70 |    +0.8% |   -0.338 |       -3.4 |     65 | aluout[0]
      380 |       0 |      68 |       95 |      0 |    70 |    +0.8% |   -0.338 |       -3.4 |     65 | aluout[0]
      380 |       0 |      68 |       95 |      0 |    70 |    +0.8% |   -0.338 |       -3.4 |     64 | aluout[0]
      381 |       0 |      68 |       95 |      0 |    70 |    +0.8% |   -0.338 |       -3.4 |     63 | aluout[0]
      382 |       0 |      68 |       95 |      0 |    70 |    +0.8% |   -0.338 |       -3.4 |     62 | aluout[0]
      383 |       0 |      68 |       95 |      0 |    70 |    +0.8% |   -0.338 |       -3.4 |     61 | aluout[0]
      384 |       0 |      68 |       95 |      0 |    70 |    +0.8% |   -0.338 |       -3.4 |     60 | aluout[0]
      385 |       0 |      68 |       95 |      0 |    70 |    +0.8% |   -0.338 |       -3.4 |     59 | aluout[0]
      386 |       0 |      68 |       95 |      0 |    70 |    +0.8% |   -0.338 |       -3.4 |     58 | aluout[0]
      387 |       0 |      68 |       95 |      0 |    70 |    +0.8% |   -0.338 |       -3.4 |     57 | aluout[0]
      388 |       0 |      68 |       95 |      0 |    70 |    +0.8% |   -0.338 |       -3.4 |     56 | aluout[0]
      389 |       0 |      68 |       95 |      0 |    70 |    +0.8% |   -0.338 |       -3.4 |     55 | aluout[0]
      390 |       0 |      68 |       95 |      0 |    70 |    +0.8% |   -0.338 |       -3.4 |     55 | aluout[0]
      390 |       0 |      68 |       95 |      0 |    70 |    +0.8% |   -0.338 |       -3.4 |     54 | aluout[0]
      391 |       0 |      68 |       95 |      0 |    70 |    +0.8% |   -0.338 |       -3.4 |     53 | aluout[0]
      392 |       0 |      68 |       95 |      0 |    70 |    +0.8% |   -0.338 |       -3.4 |     52 | aluout[0]
      393 |       0 |      68 |       95 |      0 |    70 |    +0.8% |   -0.338 |       -3.4 |     51 | aluout[0]
      394 |       0 |      68 |       95 |      0 |    70 |    +0.8% |   -0.338 |       -3.4 |     50 | aluout[0]
      395 |       0 |      68 |       95 |      0 |    70 |    +0.8% |   -0.338 |       -3.4 |     49 | aluout[0]
      396 |       0 |      68 |       95 |      0 |    70 |    +0.8% |   -0.338 |       -3.4 |     48 | aluout[0]
      397 |       0 |      68 |       95 |      0 |    70 |    +0.8% |   -0.338 |       -3.4 |     47 | aluout[0]
      398 |       0 |      68 |       95 |      0 |    70 |    +0.8% |   -0.338 |       -3.4 |     46 | aluout[0]
      399 |       0 |      68 |       95 |      0 |    70 |    +0.8% |   -0.338 |       -3.4 |     45 | aluout[0]
      400 |       0 |      68 |       95 |      0 |    70 |    +0.8% |   -0.338 |       -3.4 |     45 | aluout[0]
      400 |       0 |      68 |       95 |      0 |    70 |    +0.8% |   -0.338 |       -3.4 |     44 | aluout[0]
      401 |       0 |      68 |       95 |      0 |    70 |    +0.8% |   -0.338 |       -3.4 |     43 | aluout[0]
      402 |       0 |      68 |       95 |      0 |    70 |    +0.8% |   -0.338 |       -3.4 |     42 | aluout[0]
      403 |       0 |      68 |       95 |      0 |    70 |    +0.8% |   -0.338 |       -3.4 |     41 | aluout[0]
      404 |       0 |      68 |       95 |      0 |    70 |    +0.8% |   -0.338 |       -3.4 |     40 | aluout[0]
      405 |       0 |      68 |       95 |      0 |    70 |    +0.8% |   -0.338 |       -3.4 |     39 | aluout[0]
      406 |       0 |      68 |       95 |      0 |    70 |    +0.8% |   -0.338 |       -3.4 |     38 | aluout[0]
      407 |       0 |      68 |       95 |      0 |    70 |    +0.8% |   -0.338 |       -3.4 |     37 | aluout[0]
      408 |       0 |      68 |       95 |      0 |    70 |    +0.8% |   -0.338 |       -3.4 |     36 | aluout[0]
      409 |       0 |      68 |       95 |      0 |    70 |    +0.8% |   -0.338 |       -3.4 |     35 | aluout[0]
      410 |       0 |      68 |       95 |      0 |    70 |    +0.8% |   -0.338 |       -3.4 |     35 | aluout[0]
      410 |       0 |      68 |       95 |      0 |    70 |    +0.8% |   -0.338 |       -3.4 |     34 | aluout[0]
      411 |       0 |      68 |       95 |      0 |    70 |    +0.8% |   -0.338 |       -3.4 |     33 | aluout[0]
      412 |       0 |      68 |       95 |      0 |    70 |    +0.8% |   -0.338 |       -3.4 |     32 | aluout[0]
      413 |       0 |      68 |       95 |      0 |    70 |    +0.8% |   -0.338 |       -3.4 |     31 | aluout[0]
      414 |       0 |      68 |       95 |      0 |    70 |    +0.8% |   -0.338 |       -3.4 |     30 | aluout[0]
      415 |       0 |      68 |       95 |      0 |    70 |    +0.8% |   -0.338 |       -3.4 |     29 | aluout[0]
      416 |       0 |      68 |       95 |      0 |    70 |    +0.8% |   -0.338 |       -3.4 |     28 | aluout[0]
      417 |       0 |      68 |       95 |      0 |    70 |    +0.8% |   -0.338 |       -3.4 |     27 | aluout[0]
      418 |       0 |      68 |       95 |      0 |    70 |    +0.8% |   -0.338 |       -3.4 |     26 | aluout[0]
      419 |       0 |      68 |       95 |      0 |    70 |    +0.8% |   -0.338 |       -3.4 |     25 | aluout[0]
      420 |       0 |      68 |       95 |      0 |    70 |    +0.8% |   -0.338 |       -3.4 |     25 | aluout[0]
      420 |       0 |      68 |       95 |      0 |    70 |    +0.8% |   -0.338 |       -3.4 |     24 | aluout[0]
      421 |       0 |      68 |       95 |      0 |    70 |    +0.8% |   -0.338 |       -3.4 |     23 | aluout[0]
      422 |       0 |      68 |       95 |      0 |    70 |    +0.8% |   -0.338 |       -3.4 |     22 | aluout[0]
      423 |       0 |      68 |       95 |      0 |    70 |    +0.8% |   -0.338 |       -3.4 |     21 | aluout[0]
      424 |       0 |      68 |       95 |      0 |    70 |    +0.8% |   -0.338 |       -3.4 |     20 | aluout[0]
      425 |       0 |      68 |       95 |      0 |    70 |    +0.8% |   -0.338 |       -3.4 |     19 | aluout[0]
      426 |       0 |      68 |       95 |      0 |    70 |    +0.8% |   -0.338 |       -3.4 |     18 | aluout[0]
      427 |       0 |      68 |       95 |      0 |    70 |    +0.8% |   -0.338 |       -3.4 |     17 | aluout[0]
      428 |       0 |      68 |       95 |      0 |    70 |    +0.8% |   -0.338 |       -3.4 |     16 | aluout[0]
      429 |       0 |      68 |       95 |      0 |    70 |    +0.8% |   -0.338 |       -3.4 |     15 | aluout[0]
     430* |       0 |      68 |       95 |      0 |    70 |    +0.8% |   -0.338 |       -3.4 |     23 | aluout[0]
     430* |       0 |      68 |       95 |      0 |    70 |    +0.8% |   -0.338 |       -3.4 |     23 | aluout[0]
     431* |       0 |      68 |       95 |      0 |    70 |    +0.8% |   -0.338 |       -3.4 |     23 | aluout[0]
     432* |       0 |      68 |       95 |      0 |    70 |    +0.8% |   -0.338 |       -3.4 |     23 | aluout[0]
     433* |       0 |      68 |       95 |      0 |    70 |    +0.8% |   -0.338 |       -3.4 |     23 | aluout[0]
     434* |       0 |      68 |       95 |      0 |    70 |    +0.8% |   -0.338 |       -3.4 |     23 | aluout[0]
     435* |       0 |      68 |       95 |      0 |    70 |    +0.8% |   -0.338 |       -3.4 |     23 | aluout[0]
     436* |       0 |      68 |       95 |      0 |    70 |    +0.8% |   -0.338 |       -3.4 |     23 | aluout[0]
     437* |       0 |      68 |       95 |      0 |    70 |    +0.8% |   -0.338 |       -3.4 |     23 | aluout[0]
     438* |       0 |      68 |       95 |      0 |    70 |    +0.8% |   -0.338 |       -3.4 |     23 | aluout[0]
     439* |       0 |      68 |       95 |      0 |    70 |    +0.8% |   -0.338 |       -3.4 |     23 | aluout[0]
     440* |       0 |      68 |       95 |      0 |    70 |    +0.8% |   -0.338 |       -3.4 |     23 | aluout[0]
     440* |       0 |      68 |       95 |      0 |    70 |    +0.8% |   -0.338 |       -3.4 |     23 | aluout[0]
     441* |       0 |      68 |       95 |      0 |    70 |    +0.8% |   -0.338 |       -3.4 |     23 | aluout[0]
     443* |       0 |      69 |       95 |      0 |    70 |    +0.8% |   -0.338 |       -3.4 |     23 | aluout[0]
     444* |       0 |      69 |       95 |      0 |    70 |    +0.8% |   -0.338 |       -3.4 |     23 | aluout[0]
     445* |       0 |      69 |       95 |      0 |    70 |    +0.8% |   -0.338 |       -3.4 |     23 | aluout[0]
     446* |       0 |      69 |       95 |      0 |    70 |    +0.8% |   -0.338 |       -3.4 |     23 | aluout[0]
     447* |       0 |      69 |       95 |      0 |    70 |    +0.8% |   -0.338 |       -3.4 |     23 | aluout[0]
     448* |       0 |      69 |       95 |      0 |    70 |    +0.8% |   -0.338 |       -3.4 |     23 | aluout[0]
     449* |       0 |      69 |       95 |      0 |    70 |    +0.8% |   -0.338 |       -3.4 |     23 | aluout[0]
     450* |       0 |      69 |       95 |      0 |    70 |    +0.8% |   -0.338 |       -3.4 |     23 | aluout[0]
     450* |       0 |      69 |       95 |      0 |    70 |    +0.8% |   -0.338 |       -3.4 |     23 | aluout[0]
     451* |       0 |      69 |       95 |      0 |    70 |    +0.8% |   -0.338 |       -3.4 |     23 | aluout[0]
     452* |       0 |      69 |       95 |      0 |    70 |    +0.8% |   -0.338 |       -3.4 |     23 | aluout[0]
     453* |       0 |      69 |       95 |      0 |    70 |    +0.8% |   -0.338 |       -3.4 |     23 | aluout[0]
    final |       0 |      69 |       95 |      0 |    70 |    +0.8% |   -0.338 |       -3.4 |     23 | aluout[0]
--------------------------------------------------------------------------------------------------------------
[INFO RSZ-0040] Inserted 95 buffers.
[INFO RSZ-0051] Resized 69 instances: 69 up, 0 up match, 0 down, 0 VT
[INFO RSZ-0043] Swapped pins on 70 instances.
[WARNING RSZ-0062] Unable to repair all setup violations.
[INFO RSZ-0033] No hold violations found.
Placement Analysis
---------------------------------
total displacement        554.7 u
average displacement        0.1 u
max displacement           11.3 u
original HPWL          331313.2 u
legalized HPWL         331783.4 u
delta HPWL                    0 %

[INFO GRT-0237] Net _00000_ global route wire length: 50.40um
[INFO GRT-0237] Net _00001_ global route wire length: 14.40um
[INFO GRT-0237] Net net4553 global route wire length: 14.40um
[INFO GRT-0237] Net net3700 global route wire length: 331.20um
[INFO GRT-0237] Net net4552 global route wire length: 14.40um
[INFO GRT-0237] Net net3712 global route wire length: 410.40um
[INFO GRT-0237] Net net3710 global route wire length: 453.60um
[INFO GRT-0237] Net net3709 global route wire length: 165.60um
[INFO GRT-0237] Net net3708 global route wire length: 129.60um
[INFO GRT-0237] Net net3740 global route wire length: 86.40um
[INFO GRT-0237] Net net3704 global route wire length: 244.80um
[INFO GRT-0237] Net net3705 global route wire length: 187.20um
[INFO GRT-0237] Net net3698 global route wire length: 309.60um
[INFO GRT-0237] Net net3699 global route wire length: 324.00um
[INFO GRT-0237] Net net3715 global route wire length: 367.20um
[INFO GRT-0237] Net net3707 global route wire length: 280.80um
[INFO GRT-0237] Net net3706 global route wire length: 309.60um
[INFO GRT-0237] Net net3697 global route wire length: 439.20um
[INFO GRT-0237] Net net3691 global route wire length: 259.20um
[INFO GRT-0237] Net net4562 global route wire length: 14.40um
[INFO GRT-0237] Net net3696 global route wire length: 208.80um
[INFO GRT-0237] Net net3694 global route wire length: 338.40um
[INFO GRT-0237] Net net3693 global route wire length: 331.20um
[INFO GRT-0237] Net net3684 global route wire length: 223.20um
[INFO GRT-0237] Net net3692 global route wire length: 194.40um
[INFO GRT-0237] Net net3695 global route wire length: 223.20um
[INFO GRT-0237] Net net3686 global route wire length: 331.20um
[INFO GRT-0237] Net net3685 global route wire length: 237.60um
[INFO GRT-0237] Net net3688 global route wire length: 237.60um
[INFO GRT-0237] Net net3683 global route wire length: 295.20um
[INFO GRT-0237] Net net4572 global route wire length: 100.80um
[INFO GRT-0237] Net net4571 global route wire length: 0.00um
[INFO GRT-0237] Net net3678 global route wire length: 129.60um
[INFO GRT-0237] Net _00033_ global route wire length: 14.40um
[INFO GRT-0237] Net _00034_ global route wire length: 14.40um
[INFO GRT-0237] Net _00035_ global route wire length: 14.40um
[INFO GRT-0237] Net _00036_ global route wire length: 0.00um
[INFO GRT-0237] Net _00037_ global route wire length: 0.00um
[INFO GRT-0237] Net _00038_ global route wire length: 14.40um
[INFO GRT-0237] Net _00039_ global route wire length: 0.00um
[INFO GRT-0237] Net _00040_ global route wire length: 28.80um
[INFO GRT-0237] Net _00041_ global route wire length: 21.60um
[INFO GRT-0237] Net _00042_ global route wire length: 14.40um
[INFO GRT-0237] Net _00043_ global route wire length: 0.00um
[INFO GRT-0237] Net _00044_ global route wire length: 0.00um
[INFO GRT-0237] Net _00045_ global route wire length: 28.80um
[INFO GRT-0237] Net _00046_ global route wire length: 28.80um
[INFO GRT-0237] Net _00047_ global route wire length: 14.40um
[INFO GRT-0237] Net _00048_ global route wire length: 14.40um
[INFO GRT-0237] Net _00049_ global route wire length: 0.00um
[INFO GRT-0237] Net _00050_ global route wire length: 28.80um
[INFO GRT-0237] Net _00051_ global route wire length: 14.40um
[INFO GRT-0237] Net _00052_ global route wire length: 0.00um
[INFO GRT-0237] Net _00053_ global route wire length: 28.80um
[INFO GRT-0237] Net _00054_ global route wire length: 14.40um
[INFO GRT-0237] Net _00055_ global route wire length: 0.00um
[INFO GRT-0237] Net _00056_ global route wire length: 14.40um
[INFO GRT-0237] Net _00057_ global route wire length: 14.40um
[INFO GRT-0237] Net _00058_ global route wire length: 28.80um
[INFO GRT-0237] Net _00059_ global route wire length: 28.80um
[INFO GRT-0237] Net _00060_ global route wire length: 0.00um
[INFO GRT-0237] Net _00061_ global route wire length: 14.40um
[INFO GRT-0237] Net _00062_ global route wire length: 14.40um
[INFO GRT-0237] Net _00063_ global route wire length: 28.80um
[INFO GRT-0237] Net _00064_ global route wire length: 21.60um
[INFO GRT-0237] Net _00065_ global route wire length: 14.40um
[INFO GRT-0237] Net _00066_ global route wire length: 14.40um
[INFO GRT-0237] Net _00067_ global route wire length: 14.40um
[INFO GRT-0237] Net _00068_ global route wire length: 14.40um
[INFO GRT-0237] Net _00069_ global route wire length: 14.40um
[INFO GRT-0237] Net _00070_ global route wire length: 0.00um
[INFO GRT-0237] Net _00071_ global route wire length: 14.40um
[INFO GRT-0237] Net _00072_ global route wire length: 0.00um
[INFO GRT-0237] Net _00073_ global route wire length: 0.00um
[INFO GRT-0237] Net _00074_ global route wire length: 14.40um
[INFO GRT-0237] Net _00075_ global route wire length: 0.00um
[INFO GRT-0237] Net _00076_ global route wire length: 0.00um
[INFO GRT-0237] Net _00077_ global route wire length: 28.80um
[INFO GRT-0237] Net _00078_ global route wire length: 14.40um
[INFO GRT-0237] Net _00079_ global route wire length: 0.00um
[INFO GRT-0237] Net _00080_ global route wire length: 14.40um
[INFO GRT-0237] Net _00081_ global route wire length: 14.40um
[INFO GRT-0237] Net _00082_ global route wire length: 0.00um
[INFO GRT-0237] Net _00083_ global route wire length: 14.40um
[INFO GRT-0237] Net _00084_ global route wire length: 28.80um
[INFO GRT-0237] Net _00085_ global route wire length: 28.80um
[INFO GRT-0237] Net _00086_ global route wire length: 28.80um
[INFO GRT-0237] Net _00087_ global route wire length: 14.40um
[INFO GRT-0237] Net _00088_ global route wire length: 0.00um
[INFO GRT-0237] Net _00089_ global route wire length: 0.00um
[INFO GRT-0237] Net _00090_ global route wire length: 0.00um
[INFO GRT-0237] Net _00091_ global route wire length: 14.40um
[INFO GRT-0237] Net _00092_ global route wire length: 0.00um
[INFO GRT-0237] Net _00093_ global route wire length: 0.00um
[INFO GRT-0237] Net _00094_ global route wire length: 28.80um
[INFO GRT-0237] Net _00095_ global route wire length: 14.40um
[INFO GRT-0237] Net _00096_ global route wire length: 0.00um
[INFO GRT-0237] Net _00097_ global route wire length: 0.00um
[INFO GRT-0237] Net _00098_ global route wire length: 14.40um
[INFO GRT-0237] Net _00099_ global route wire length: 0.00um
[INFO GRT-0237] Net _00100_ global route wire length: 14.40um
[INFO GRT-0237] Net _00101_ global route wire length: 14.40um
[INFO GRT-0237] Net _00102_ global route wire length: 14.40um
[INFO GRT-0237] Net _00103_ global route wire length: 0.00um
[INFO GRT-0237] Net _00104_ global route wire length: 14.40um
[INFO GRT-0237] Net _00105_ global route wire length: 14.40um
[INFO GRT-0237] Net _00106_ global route wire length: 14.40um
[INFO GRT-0237] Net _00107_ global route wire length: 14.40um
[INFO GRT-0237] Net _00108_ global route wire length: 0.00um
[INFO GRT-0237] Net _00109_ global route wire length: 0.00um
[INFO GRT-0237] Net _00110_ global route wire length: 0.00um
[INFO GRT-0237] Net _00111_ global route wire length: 14.40um
[INFO GRT-0237] Net _00112_ global route wire length: 14.40um
[INFO GRT-0237] Net _00113_ global route wire length: 0.00um
[INFO GRT-0237] Net _00114_ global route wire length: 14.40um
[INFO GRT-0237] Net _00115_ global route wire length: 28.80um
[INFO GRT-0237] Net _00116_ global route wire length: 0.00um
[INFO GRT-0237] Net _00117_ global route wire length: 28.80um
[INFO GRT-0237] Net _00118_ global route wire length: 0.00um
[INFO GRT-0237] Net _00119_ global route wire length: 0.00um
[INFO GRT-0237] Net _00120_ global route wire length: 28.80um
[INFO GRT-0237] Net _00121_ global route wire length: 28.80um
[INFO GRT-0237] Net _00122_ global route wire length: 28.80um
[INFO GRT-0237] Net _00123_ global route wire length: 28.80um
[INFO GRT-0237] Net _00124_ global route wire length: 0.00um
[INFO GRT-0237] Net _00125_ global route wire length: 28.80um
[INFO GRT-0237] Net _00126_ global route wire length: 14.40um
[INFO GRT-0237] Net _00127_ global route wire length: 14.40um
[INFO GRT-0237] Net _00128_ global route wire length: 28.80um
[INFO GRT-0237] Net _00129_ global route wire length: 0.00um
[INFO GRT-0237] Net _00130_ global route wire length: 0.00um
[INFO GRT-0237] Net _00131_ global route wire length: 0.00um
[INFO GRT-0237] Net _00132_ global route wire length: 14.40um
[INFO GRT-0237] Net _00133_ global route wire length: 14.40um
[INFO GRT-0237] Net _00134_ global route wire length: 0.00um
[INFO GRT-0237] Net _00135_ global route wire length: 0.00um
[INFO GRT-0237] Net _00136_ global route wire length: 14.40um
[INFO GRT-0237] Net _00137_ global route wire length: 14.40um
[INFO GRT-0237] Net _00138_ global route wire length: 0.00um
[INFO GRT-0237] Net _00139_ global route wire length: 14.40um
[INFO GRT-0237] Net _00140_ global route wire length: 14.40um
[INFO GRT-0237] Net _00141_ global route wire length: 14.40um
[INFO GRT-0237] Net _00142_ global route wire length: 0.00um
[INFO GRT-0237] Net _00143_ global route wire length: 0.00um
[INFO GRT-0237] Net _00144_ global route wire length: 14.40um
[INFO GRT-0237] Net _00145_ global route wire length: 0.00um
[INFO GRT-0237] Net _00146_ global route wire length: 28.80um
[INFO GRT-0237] Net _00147_ global route wire length: 0.00um
[INFO GRT-0237] Net _00148_ global route wire length: 14.40um
[INFO GRT-0237] Net _00149_ global route wire length: 14.40um
[INFO GRT-0237] Net _00150_ global route wire length: 0.00um
[INFO GRT-0237] Net _00151_ global route wire length: 43.20um
[INFO GRT-0237] Net _00152_ global route wire length: 28.80um
[INFO GRT-0237] Net _00153_ global route wire length: 14.40um
[INFO GRT-0237] Net _00154_ global route wire length: 14.40um
[INFO GRT-0237] Net _00155_ global route wire length: 14.40um
[INFO GRT-0237] Net _00156_ global route wire length: 14.40um
[INFO GRT-0237] Net _00157_ global route wire length: 14.40um
[INFO GRT-0237] Net _00158_ global route wire length: 14.40um
[INFO GRT-0237] Net _00159_ global route wire length: 0.00um
[INFO GRT-0237] Net _00160_ global route wire length: 0.00um
[INFO GRT-0237] Net _00161_ global route wire length: 0.00um
[INFO GRT-0237] Net _00162_ global route wire length: 28.80um
[INFO GRT-0237] Net _00163_ global route wire length: 0.00um
[INFO GRT-0237] Net _00164_ global route wire length: 14.40um
[INFO GRT-0237] Net _00165_ global route wire length: 28.80um
[INFO GRT-0237] Net _00166_ global route wire length: 14.40um
[INFO GRT-0237] Net _00167_ global route wire length: 28.80um
[INFO GRT-0237] Net _00168_ global route wire length: 14.40um
[INFO GRT-0237] Net _00169_ global route wire length: 0.00um
[INFO GRT-0237] Net _00170_ global route wire length: 0.00um
[INFO GRT-0237] Net _00171_ global route wire length: 28.80um
[INFO GRT-0237] Net _00172_ global route wire length: 14.40um
[INFO GRT-0237] Net _00173_ global route wire length: 0.00um
[INFO GRT-0237] Net _00174_ global route wire length: 14.40um
[INFO GRT-0237] Net _00175_ global route wire length: 14.40um
[INFO GRT-0237] Net _00176_ global route wire length: 14.40um
[INFO GRT-0237] Net _00177_ global route wire length: 14.40um
[INFO GRT-0237] Net _00178_ global route wire length: 14.40um
[INFO GRT-0237] Net _00179_ global route wire length: 0.00um
[INFO GRT-0237] Net _00180_ global route wire length: 14.40um
[INFO GRT-0237] Net _00181_ global route wire length: 14.40um
[INFO GRT-0237] Net _00182_ global route wire length: 28.80um
[INFO GRT-0237] Net _00183_ global route wire length: 28.80um
[INFO GRT-0237] Net _00184_ global route wire length: 0.00um
[INFO GRT-0237] Net _00185_ global route wire length: 14.40um
[INFO GRT-0237] Net _00186_ global route wire length: 28.80um
[INFO GRT-0237] Net _00187_ global route wire length: 28.80um
[INFO GRT-0237] Net _00188_ global route wire length: 28.80um
[INFO GRT-0237] Net _00189_ global route wire length: 0.00um
[INFO GRT-0237] Net _00190_ global route wire length: 14.40um
[INFO GRT-0237] Net _00191_ global route wire length: 28.80um
[INFO GRT-0237] Net _00192_ global route wire length: 0.00um
[INFO GRT-0237] Net _00193_ global route wire length: 0.00um
[INFO GRT-0237] Net _00194_ global route wire length: 0.00um
[INFO GRT-0237] Net _00195_ global route wire length: 21.60um
[INFO GRT-0237] Net _00196_ global route wire length: 0.00um
[INFO GRT-0237] Net _00197_ global route wire length: 0.00um
[INFO GRT-0237] Net _00198_ global route wire length: 14.40um
[INFO GRT-0237] Net _00199_ global route wire length: 0.00um
[INFO GRT-0237] Net _00200_ global route wire length: 14.40um
[INFO GRT-0237] Net _00201_ global route wire length: 14.40um
[INFO GRT-0237] Net _00202_ global route wire length: 14.40um
[INFO GRT-0237] Net _00203_ global route wire length: 0.00um
[INFO GRT-0237] Net _00204_ global route wire length: 28.80um
[INFO GRT-0237] Net _00205_ global route wire length: 0.00um
[INFO GRT-0237] Net _00206_ global route wire length: 0.00um
[INFO GRT-0237] Net _00207_ global route wire length: 0.00um
[INFO GRT-0237] Net _00208_ global route wire length: 28.80um
[INFO GRT-0237] Net _00209_ global route wire length: 0.00um
[INFO GRT-0237] Net _00210_ global route wire length: 14.40um
[INFO GRT-0237] Net _00211_ global route wire length: 0.00um
[INFO GRT-0237] Net _00212_ global route wire length: 28.80um
[INFO GRT-0237] Net _00213_ global route wire length: 28.80um
[INFO GRT-0237] Net _00214_ global route wire length: 14.40um
[INFO GRT-0237] Net _00215_ global route wire length: 0.00um
[INFO GRT-0237] Net _00216_ global route wire length: 0.00um
[INFO GRT-0237] Net _00217_ global route wire length: 28.80um
[INFO GRT-0237] Net _00218_ global route wire length: 14.40um
[INFO GRT-0237] Net _00219_ global route wire length: 14.40um
[INFO GRT-0237] Net _00220_ global route wire length: 0.00um
[INFO GRT-0237] Net _00221_ global route wire length: 14.40um
[INFO GRT-0237] Net _00222_ global route wire length: 0.00um
[INFO GRT-0237] Net _00223_ global route wire length: 0.00um
[INFO GRT-0237] Net _00224_ global route wire length: 14.40um
[INFO GRT-0237] Net _00225_ global route wire length: 0.00um
[INFO GRT-0237] Net _00226_ global route wire length: 14.40um
[INFO GRT-0237] Net _00227_ global route wire length: 14.40um
[INFO GRT-0237] Net _00228_ global route wire length: 14.40um
[INFO GRT-0237] Net _00229_ global route wire length: 14.40um
[INFO GRT-0237] Net _00230_ global route wire length: 14.40um
[INFO GRT-0237] Net _00231_ global route wire length: 0.00um
[INFO GRT-0237] Net _00232_ global route wire length: 14.40um
[INFO GRT-0237] Net _00233_ global route wire length: 28.80um
[INFO GRT-0237] Net _00234_ global route wire length: 14.40um
[INFO GRT-0237] Net _00235_ global route wire length: 14.40um
[INFO GRT-0237] Net _00236_ global route wire length: 28.80um
[INFO GRT-0237] Net _00237_ global route wire length: 14.40um
[INFO GRT-0237] Net _00238_ global route wire length: 0.00um
[INFO GRT-0237] Net _00239_ global route wire length: 14.40um
[INFO GRT-0237] Net _00240_ global route wire length: 0.00um
[INFO GRT-0237] Net _00241_ global route wire length: 14.40um
[INFO GRT-0237] Net _00242_ global route wire length: 28.80um
[INFO GRT-0237] Net _00243_ global route wire length: 0.00um
[INFO GRT-0237] Net _00244_ global route wire length: 28.80um
[INFO GRT-0237] Net _00245_ global route wire length: 14.40um
[INFO GRT-0237] Net _00246_ global route wire length: 14.40um
[INFO GRT-0237] Net _00247_ global route wire length: 14.40um
[INFO GRT-0237] Net _00248_ global route wire length: 14.40um
[INFO GRT-0237] Net _00249_ global route wire length: 14.40um
[INFO GRT-0237] Net _00250_ global route wire length: 21.60um
[INFO GRT-0237] Net _00251_ global route wire length: 14.40um
[INFO GRT-0237] Net _00252_ global route wire length: 28.80um
[INFO GRT-0237] Net _00253_ global route wire length: 0.00um
[INFO GRT-0237] Net _00254_ global route wire length: 0.00um
[INFO GRT-0237] Net _00255_ global route wire length: 0.00um
[INFO GRT-0237] Net _00256_ global route wire length: 14.40um
[INFO GRT-0237] Net _00257_ global route wire length: 0.00um
[INFO GRT-0237] Net _00258_ global route wire length: 14.40um
[INFO GRT-0237] Net _00259_ global route wire length: 14.40um
[INFO GRT-0237] Net _00260_ global route wire length: 0.00um
[INFO GRT-0237] Net _00261_ global route wire length: 14.40um
[INFO GRT-0237] Net _00262_ global route wire length: 0.00um
[INFO GRT-0237] Net _00263_ global route wire length: 28.80um
[INFO GRT-0237] Net _00264_ global route wire length: 0.00um
[INFO GRT-0237] Net _00265_ global route wire length: 0.00um
[INFO GRT-0237] Net _00266_ global route wire length: 14.40um
[INFO GRT-0237] Net _00267_ global route wire length: 14.40um
[INFO GRT-0237] Net _00268_ global route wire length: 14.40um
[INFO GRT-0237] Net _00269_ global route wire length: 28.80um
[INFO GRT-0237] Net _00270_ global route wire length: 28.80um
[INFO GRT-0237] Net _00271_ global route wire length: 28.80um
[INFO GRT-0237] Net _00272_ global route wire length: 14.40um
[INFO GRT-0237] Net _00273_ global route wire length: 14.40um
[INFO GRT-0237] Net _00274_ global route wire length: 14.40um
[INFO GRT-0237] Net _00275_ global route wire length: 14.40um
[INFO GRT-0237] Net _00276_ global route wire length: 0.00um
[INFO GRT-0237] Net _00277_ global route wire length: 14.40um
[INFO GRT-0237] Net _00278_ global route wire length: 0.00um
[INFO GRT-0237] Net _00279_ global route wire length: 36.00um
[INFO GRT-0237] Net _00280_ global route wire length: 14.40um
[INFO GRT-0237] Net _00281_ global route wire length: 0.00um
[INFO GRT-0237] Net _00282_ global route wire length: 14.40um
[INFO GRT-0237] Net _00283_ global route wire length: 0.00um
[INFO GRT-0237] Net _00284_ global route wire length: 14.40um
[INFO GRT-0237] Net _00285_ global route wire length: 0.00um
[INFO GRT-0237] Net _00286_ global route wire length: 14.40um
[INFO GRT-0237] Net _00287_ global route wire length: 0.00um
[INFO GRT-0237] Net _00288_ global route wire length: 28.80um
[INFO GRT-0237] Net _00289_ global route wire length: 0.00um
[INFO GRT-0237] Net _00290_ global route wire length: 0.00um
[INFO GRT-0237] Net _00291_ global route wire length: 0.00um
[INFO GRT-0237] Net _00292_ global route wire length: 0.00um
[INFO GRT-0237] Net _00293_ global route wire length: 14.40um
[INFO GRT-0237] Net _00294_ global route wire length: 0.00um
[INFO GRT-0237] Net _00295_ global route wire length: 0.00um
[INFO GRT-0237] Net _00296_ global route wire length: 14.40um
[INFO GRT-0237] Net _00297_ global route wire length: 0.00um
[INFO GRT-0237] Net _00298_ global route wire length: 14.40um
[INFO GRT-0237] Net _00299_ global route wire length: 0.00um
[INFO GRT-0237] Net _00300_ global route wire length: 14.40um
[INFO GRT-0237] Net _00301_ global route wire length: 14.40um
[INFO GRT-0237] Net _00302_ global route wire length: 14.40um
[INFO GRT-0237] Net _00303_ global route wire length: 28.80um
[INFO GRT-0237] Net _00304_ global route wire length: 14.40um
[INFO GRT-0237] Net _00305_ global route wire length: 28.80um
[INFO GRT-0237] Net _00306_ global route wire length: 0.00um
[INFO GRT-0237] Net _00307_ global route wire length: 14.40um
[INFO GRT-0237] Net _00308_ global route wire length: 0.00um
[INFO GRT-0237] Net _00309_ global route wire length: 14.40um
[INFO GRT-0237] Net _00310_ global route wire length: 14.40um
[INFO GRT-0237] Net _00311_ global route wire length: 14.40um
[INFO GRT-0237] Net _00312_ global route wire length: 14.40um
[INFO GRT-0237] Net _00313_ global route wire length: 28.80um
[INFO GRT-0237] Net _00314_ global route wire length: 14.40um
[INFO GRT-0237] Net _00315_ global route wire length: 14.40um
[INFO GRT-0237] Net _00316_ global route wire length: 0.00um
[INFO GRT-0237] Net _00317_ global route wire length: 28.80um
[INFO GRT-0237] Net _00318_ global route wire length: 14.40um
[INFO GRT-0237] Net _00319_ global route wire length: 0.00um
[INFO GRT-0237] Net _00320_ global route wire length: 21.60um
[INFO GRT-0237] Net _00321_ global route wire length: 0.00um
[INFO GRT-0237] Net _00322_ global route wire length: 28.80um
[INFO GRT-0237] Net _00323_ global route wire length: 0.00um
[INFO GRT-0237] Net _00324_ global route wire length: 14.40um
[INFO GRT-0237] Net _00325_ global route wire length: 14.40um
[INFO GRT-0237] Net _00326_ global route wire length: 14.40um
[INFO GRT-0237] Net _00327_ global route wire length: 0.00um
[INFO GRT-0237] Net _00328_ global route wire length: 14.40um
[INFO GRT-0237] Net _00329_ global route wire length: 0.00um
[INFO GRT-0237] Net _00330_ global route wire length: 14.40um
[INFO GRT-0237] Net _00331_ global route wire length: 14.40um
[INFO GRT-0237] Net _00332_ global route wire length: 0.00um
[INFO GRT-0237] Net _00333_ global route wire length: 14.40um
[INFO GRT-0237] Net _00334_ global route wire length: 0.00um
[INFO GRT-0237] Net _00335_ global route wire length: 14.40um
[INFO GRT-0237] Net _00336_ global route wire length: 0.00um
[INFO GRT-0237] Net _00337_ global route wire length: 14.40um
[INFO GRT-0237] Net _00338_ global route wire length: 0.00um
[INFO GRT-0237] Net _00339_ global route wire length: 14.40um
[INFO GRT-0237] Net _00340_ global route wire length: 0.00um
[INFO GRT-0237] Net _00341_ global route wire length: 14.40um
[INFO GRT-0237] Net _00342_ global route wire length: 0.00um
[INFO GRT-0237] Net _00343_ global route wire length: 36.00um
[INFO GRT-0237] Net _00344_ global route wire length: 0.00um
[INFO GRT-0237] Net _00345_ global route wire length: 28.80um
[INFO GRT-0237] Net _00346_ global route wire length: 14.40um
[INFO GRT-0237] Net _00347_ global route wire length: 0.00um
[INFO GRT-0237] Net _00348_ global route wire length: 14.40um
[INFO GRT-0237] Net _00349_ global route wire length: 14.40um
[INFO GRT-0237] Net _00350_ global route wire length: 28.80um
[INFO GRT-0237] Net _00351_ global route wire length: 0.00um
[INFO GRT-0237] Net _00352_ global route wire length: 0.00um
[INFO GRT-0237] Net _00353_ global route wire length: 14.40um
[INFO GRT-0237] Net _00354_ global route wire length: 0.00um
[INFO GRT-0237] Net _00355_ global route wire length: 14.40um
[INFO GRT-0237] Net _00356_ global route wire length: 14.40um
[INFO GRT-0237] Net _00357_ global route wire length: 14.40um
[INFO GRT-0237] Net _00358_ global route wire length: 0.00um
[INFO GRT-0237] Net _00359_ global route wire length: 0.00um
[INFO GRT-0237] Net _00360_ global route wire length: 14.40um
[INFO GRT-0237] Net _00361_ global route wire length: 0.00um
[INFO GRT-0237] Net _00362_ global route wire length: 14.40um
[INFO GRT-0237] Net _00363_ global route wire length: 0.00um
[INFO GRT-0237] Net _00364_ global route wire length: 28.80um
[INFO GRT-0237] Net _00365_ global route wire length: 0.00um
[INFO GRT-0237] Net _00366_ global route wire length: 0.00um
[INFO GRT-0237] Net _00367_ global route wire length: 14.40um
[INFO GRT-0237] Net _00368_ global route wire length: 0.00um
[INFO GRT-0237] Net _00369_ global route wire length: 14.40um
[INFO GRT-0237] Net _00370_ global route wire length: 0.00um
[INFO GRT-0237] Net _00371_ global route wire length: 0.00um
[INFO GRT-0237] Net _00372_ global route wire length: 14.40um
[INFO GRT-0237] Net _00373_ global route wire length: 0.00um
[INFO GRT-0237] Net _00374_ global route wire length: 14.40um
[INFO GRT-0237] Net _00375_ global route wire length: 14.40um
[INFO GRT-0237] Net _00376_ global route wire length: 14.40um
[INFO GRT-0237] Net _00377_ global route wire length: 14.40um
[INFO GRT-0237] Net _00378_ global route wire length: 0.00um
[INFO GRT-0237] Net _00379_ global route wire length: 14.40um
[INFO GRT-0237] Net _00380_ global route wire length: 14.40um
[INFO GRT-0237] Net _00381_ global route wire length: 14.40um
[INFO GRT-0237] Net _00382_ global route wire length: 28.80um
[INFO GRT-0237] Net _00383_ global route wire length: 14.40um
[INFO GRT-0237] Net _00384_ global route wire length: 0.00um
[INFO GRT-0237] Net _00385_ global route wire length: 14.40um
[INFO GRT-0237] Net _00386_ global route wire length: 14.40um
[INFO GRT-0237] Net _00387_ global route wire length: 14.40um
[INFO GRT-0237] Net _00388_ global route wire length: 0.00um
[INFO GRT-0237] Net _00389_ global route wire length: 28.80um
[INFO GRT-0237] Net _00390_ global route wire length: 0.00um
[INFO GRT-0237] Net _00391_ global route wire length: 0.00um
[INFO GRT-0237] Net _00392_ global route wire length: 0.00um
[INFO GRT-0237] Net _00393_ global route wire length: 14.40um
[INFO GRT-0237] Net _00394_ global route wire length: 0.00um
[INFO GRT-0237] Net _00395_ global route wire length: 14.40um
[INFO GRT-0237] Net _00396_ global route wire length: 14.40um
[INFO GRT-0237] Net _00397_ global route wire length: 0.00um
[INFO GRT-0237] Net _00398_ global route wire length: 0.00um
[INFO GRT-0237] Net _00399_ global route wire length: 28.80um
[INFO GRT-0237] Net _00400_ global route wire length: 28.80um
[INFO GRT-0237] Net _00401_ global route wire length: 28.80um
[INFO GRT-0237] Net _00402_ global route wire length: 28.80um
[INFO GRT-0237] Net _00403_ global route wire length: 0.00um
[INFO GRT-0237] Net _00404_ global route wire length: 0.00um
[INFO GRT-0237] Net _00405_ global route wire length: 14.40um
[INFO GRT-0237] Net _00406_ global route wire length: 0.00um
[INFO GRT-0237] Net _00407_ global route wire length: 14.40um
[INFO GRT-0237] Net _00408_ global route wire length: 14.40um
[INFO GRT-0237] Net _00409_ global route wire length: 14.40um
[INFO GRT-0237] Net _00410_ global route wire length: 14.40um
[INFO GRT-0237] Net _00411_ global route wire length: 14.40um
[INFO GRT-0237] Net _00412_ global route wire length: 0.00um
[INFO GRT-0237] Net _00413_ global route wire length: 0.00um
[INFO GRT-0237] Net _00414_ global route wire length: 14.40um
[INFO GRT-0237] Net _00415_ global route wire length: 14.40um
[INFO GRT-0237] Net _00416_ global route wire length: 0.00um
[INFO GRT-0237] Net _00417_ global route wire length: 0.00um
[INFO GRT-0237] Net _00418_ global route wire length: 28.80um
[INFO GRT-0237] Net _00419_ global route wire length: 0.00um
[INFO GRT-0237] Net _00420_ global route wire length: 14.40um
[INFO GRT-0237] Net _00421_ global route wire length: 0.00um
[INFO GRT-0237] Net _00422_ global route wire length: 14.40um
[INFO GRT-0237] Net _00423_ global route wire length: 28.80um
[INFO GRT-0237] Net _00424_ global route wire length: 14.40um
[INFO GRT-0237] Net _00425_ global route wire length: 14.40um
[INFO GRT-0237] Net _00426_ global route wire length: 0.00um
[INFO GRT-0237] Net _00427_ global route wire length: 28.80um
[INFO GRT-0237] Net _00428_ global route wire length: 0.00um
[INFO GRT-0237] Net _00429_ global route wire length: 0.00um
[INFO GRT-0237] Net _00430_ global route wire length: 0.00um
[INFO GRT-0237] Net _00431_ global route wire length: 14.40um
[INFO GRT-0237] Net _00432_ global route wire length: 28.80um
[INFO GRT-0237] Net _00433_ global route wire length: 28.80um
[INFO GRT-0237] Net _00434_ global route wire length: 14.40um
[INFO GRT-0237] Net _00435_ global route wire length: 0.00um
[INFO GRT-0237] Net _00436_ global route wire length: 14.40um
[INFO GRT-0237] Net _00437_ global route wire length: 14.40um
[INFO GRT-0237] Net _00438_ global route wire length: 0.00um
[INFO GRT-0237] Net _00439_ global route wire length: 14.40um
[INFO GRT-0237] Net _00440_ global route wire length: 0.00um
[INFO GRT-0237] Net _00441_ global route wire length: 0.00um
[INFO GRT-0237] Net _00442_ global route wire length: 0.00um
[INFO GRT-0237] Net _00443_ global route wire length: 0.00um
[INFO GRT-0237] Net _00444_ global route wire length: 0.00um
[INFO GRT-0237] Net _00445_ global route wire length: 14.40um
[INFO GRT-0237] Net _00446_ global route wire length: 0.00um
[INFO GRT-0237] Net _00447_ global route wire length: 14.40um
[INFO GRT-0237] Net _00448_ global route wire length: 28.80um
[INFO GRT-0237] Net _00449_ global route wire length: 28.80um
[INFO GRT-0237] Net _00450_ global route wire length: 14.40um
[INFO GRT-0237] Net _00451_ global route wire length: 0.00um
[INFO GRT-0237] Net _00452_ global route wire length: 28.80um
[INFO GRT-0237] Net _00453_ global route wire length: 14.40um
[INFO GRT-0237] Net _00454_ global route wire length: 14.40um
[INFO GRT-0237] Net _00455_ global route wire length: 0.00um
[INFO GRT-0237] Net _00456_ global route wire length: 0.00um
[INFO GRT-0237] Net _00457_ global route wire length: 14.40um
[INFO GRT-0237] Net _00458_ global route wire length: 21.60um
[INFO GRT-0237] Net _00459_ global route wire length: 0.00um
[INFO GRT-0237] Net _00460_ global route wire length: 0.00um
[INFO GRT-0237] Net _00461_ global route wire length: 14.40um
[INFO GRT-0237] Net _00462_ global route wire length: 0.00um
[INFO GRT-0237] Net _00463_ global route wire length: 28.80um
[INFO GRT-0237] Net _00464_ global route wire length: 28.80um
[INFO GRT-0237] Net _00465_ global route wire length: 0.00um
[INFO GRT-0237] Net _00466_ global route wire length: 14.40um
[INFO GRT-0237] Net _00467_ global route wire length: 14.40um
[INFO GRT-0237] Net _00468_ global route wire length: 0.00um
[INFO GRT-0237] Net _00469_ global route wire length: 14.40um
[INFO GRT-0237] Net _00470_ global route wire length: 14.40um
[INFO GRT-0237] Net _00471_ global route wire length: 14.40um
[INFO GRT-0237] Net _00472_ global route wire length: 0.00um
[INFO GRT-0237] Net _00473_ global route wire length: 28.80um
[INFO GRT-0237] Net _00474_ global route wire length: 14.40um
[INFO GRT-0237] Net _00475_ global route wire length: 36.00um
[INFO GRT-0237] Net _00476_ global route wire length: 14.40um
[INFO GRT-0237] Net _00477_ global route wire length: 0.00um
[INFO GRT-0237] Net _00478_ global route wire length: 14.40um
[INFO GRT-0237] Net _00479_ global route wire length: 0.00um
[INFO GRT-0237] Net _00480_ global route wire length: 28.80um
[INFO GRT-0237] Net _00481_ global route wire length: 14.40um
[INFO GRT-0237] Net _00482_ global route wire length: 0.00um
[INFO GRT-0237] Net _00483_ global route wire length: 14.40um
[INFO GRT-0237] Net _00484_ global route wire length: 14.40um
[INFO GRT-0237] Net _00485_ global route wire length: 14.40um
[INFO GRT-0237] Net _00486_ global route wire length: 0.00um
[INFO GRT-0237] Net _00487_ global route wire length: 0.00um
[INFO GRT-0237] Net _00488_ global route wire length: 0.00um
[INFO GRT-0237] Net _00489_ global route wire length: 28.80um
[INFO GRT-0237] Net _00490_ global route wire length: 14.40um
[INFO GRT-0237] Net _00491_ global route wire length: 14.40um
[INFO GRT-0237] Net _00492_ global route wire length: 14.40um
[INFO GRT-0237] Net _00493_ global route wire length: 14.40um
[INFO GRT-0237] Net _00494_ global route wire length: 28.80um
[INFO GRT-0237] Net _00495_ global route wire length: 14.40um
[INFO GRT-0237] Net _00496_ global route wire length: 0.00um
[INFO GRT-0237] Net _00497_ global route wire length: 0.00um
[INFO GRT-0237] Net _00498_ global route wire length: 0.00um
[INFO GRT-0237] Net _00499_ global route wire length: 14.40um
[INFO GRT-0237] Net _00500_ global route wire length: 14.40um
[INFO GRT-0237] Net _00501_ global route wire length: 14.40um
[INFO GRT-0237] Net _00502_ global route wire length: 28.80um
[INFO GRT-0237] Net _00503_ global route wire length: 28.80um
[INFO GRT-0237] Net _00504_ global route wire length: 14.40um
[INFO GRT-0237] Net _00505_ global route wire length: 28.80um
[INFO GRT-0237] Net _00506_ global route wire length: 0.00um
[INFO GRT-0237] Net _00507_ global route wire length: 0.00um
[INFO GRT-0237] Net _00508_ global route wire length: 14.40um
[INFO GRT-0237] Net _00509_ global route wire length: 0.00um
[INFO GRT-0237] Net _00510_ global route wire length: 14.40um
[INFO GRT-0237] Net _00511_ global route wire length: 0.00um
[INFO GRT-0237] Net _00512_ global route wire length: 14.40um
[INFO GRT-0237] Net _00513_ global route wire length: 28.80um
[INFO GRT-0237] Net _00514_ global route wire length: 0.00um
[INFO GRT-0237] Net _00515_ global route wire length: 0.00um
[INFO GRT-0237] Net _00516_ global route wire length: 28.80um
[INFO GRT-0237] Net _00517_ global route wire length: 14.40um
[INFO GRT-0237] Net _00518_ global route wire length: 14.40um
[INFO GRT-0237] Net _00519_ global route wire length: 14.40um
[INFO GRT-0237] Net _00520_ global route wire length: 14.40um
[INFO GRT-0237] Net _00521_ global route wire length: 28.80um
[INFO GRT-0237] Net _00522_ global route wire length: 14.40um
[INFO GRT-0237] Net _00523_ global route wire length: 28.80um
[INFO GRT-0237] Net _00524_ global route wire length: 28.80um
[INFO GRT-0237] Net _00525_ global route wire length: 14.40um
[INFO GRT-0237] Net _00526_ global route wire length: 14.40um
[INFO GRT-0237] Net _00527_ global route wire length: 0.00um
[INFO GRT-0237] Net _00528_ global route wire length: 0.00um
[INFO GRT-0237] Net _00529_ global route wire length: 28.80um
[INFO GRT-0237] Net _00530_ global route wire length: 0.00um
[INFO GRT-0237] Net _00531_ global route wire length: 43.20um
[INFO GRT-0237] Net _00532_ global route wire length: 14.40um
[INFO GRT-0237] Net _00533_ global route wire length: 0.00um
[INFO GRT-0237] Net _00534_ global route wire length: 0.00um
[INFO GRT-0237] Net _00535_ global route wire length: 0.00um
[INFO GRT-0237] Net _00536_ global route wire length: 0.00um
[INFO GRT-0237] Net _00537_ global route wire length: 0.00um
[INFO GRT-0237] Net _00538_ global route wire length: 14.40um
[INFO GRT-0237] Net _00539_ global route wire length: 0.00um
[INFO GRT-0237] Net _00540_ global route wire length: 14.40um
[INFO GRT-0237] Net _00541_ global route wire length: 0.00um
[INFO GRT-0237] Net _00542_ global route wire length: 0.00um
[INFO GRT-0237] Net _00543_ global route wire length: 14.40um
[INFO GRT-0237] Net _00544_ global route wire length: 14.40um
[INFO GRT-0237] Net _00545_ global route wire length: 14.40um
[INFO GRT-0237] Net _00546_ global route wire length: 14.40um
[INFO GRT-0237] Net _00547_ global route wire length: 14.40um
[INFO GRT-0237] Net _00548_ global route wire length: 0.00um
[INFO GRT-0237] Net _00549_ global route wire length: 14.40um
[INFO GRT-0237] Net _00550_ global route wire length: 14.40um
[INFO GRT-0237] Net _00551_ global route wire length: 28.80um
[INFO GRT-0237] Net _00552_ global route wire length: 0.00um
[INFO GRT-0237] Net _00553_ global route wire length: 14.40um
[INFO GRT-0237] Net _00554_ global route wire length: 0.00um
[INFO GRT-0237] Net _00555_ global route wire length: 0.00um
[INFO GRT-0237] Net _00556_ global route wire length: 28.80um
[INFO GRT-0237] Net _00557_ global route wire length: 28.80um
[INFO GRT-0237] Net _00558_ global route wire length: 28.80um
[INFO GRT-0237] Net _00559_ global route wire length: 14.40um
[INFO GRT-0237] Net _00560_ global route wire length: 0.00um
[INFO GRT-0237] Net _00561_ global route wire length: 14.40um
[INFO GRT-0237] Net _00562_ global route wire length: 14.40um
[INFO GRT-0237] Net _00563_ global route wire length: 14.40um
[INFO GRT-0237] Net _00564_ global route wire length: 14.40um
[INFO GRT-0237] Net _00565_ global route wire length: 28.80um
[INFO GRT-0237] Net _00566_ global route wire length: 14.40um
[INFO GRT-0237] Net _00567_ global route wire length: 14.40um
[INFO GRT-0237] Net _00568_ global route wire length: 14.40um
[INFO GRT-0237] Net _00569_ global route wire length: 14.40um
[INFO GRT-0237] Net _00570_ global route wire length: 14.40um
[INFO GRT-0237] Net _00571_ global route wire length: 14.40um
[INFO GRT-0237] Net _00572_ global route wire length: 0.00um
[INFO GRT-0237] Net _00573_ global route wire length: 0.00um
[INFO GRT-0237] Net _00574_ global route wire length: 14.40um
[INFO GRT-0237] Net _00575_ global route wire length: 28.80um
[INFO GRT-0237] Net _00576_ global route wire length: 14.40um
[INFO GRT-0237] Net _00577_ global route wire length: 28.80um
[INFO GRT-0237] Net _00578_ global route wire length: 14.40um
[INFO GRT-0237] Net _00579_ global route wire length: 0.00um
[INFO GRT-0237] Net _00580_ global route wire length: 0.00um
[INFO GRT-0237] Net _00581_ global route wire length: 0.00um
[INFO GRT-0237] Net _00582_ global route wire length: 36.00um
[INFO GRT-0237] Net _00583_ global route wire length: 28.80um
[INFO GRT-0237] Net _00584_ global route wire length: 14.40um
[INFO GRT-0237] Net _00585_ global route wire length: 28.80um
[INFO GRT-0237] Net _00586_ global route wire length: 28.80um
[INFO GRT-0237] Net _00587_ global route wire length: 0.00um
[INFO GRT-0237] Net _00588_ global route wire length: 14.40um
[INFO GRT-0237] Net _00589_ global route wire length: 0.00um
[INFO GRT-0237] Net _00590_ global route wire length: 0.00um
[INFO GRT-0237] Net _00591_ global route wire length: 14.40um
[INFO GRT-0237] Net _00592_ global route wire length: 0.00um
[INFO GRT-0237] Net _00593_ global route wire length: 28.80um
[INFO GRT-0237] Net _00594_ global route wire length: 28.80um
[INFO GRT-0237] Net _00595_ global route wire length: 0.00um
[INFO GRT-0237] Net _00596_ global route wire length: 28.80um
[INFO GRT-0237] Net _00597_ global route wire length: 14.40um
[INFO GRT-0237] Net _00598_ global route wire length: 0.00um
[INFO GRT-0237] Net _00599_ global route wire length: 14.40um
[INFO GRT-0237] Net _00600_ global route wire length: 28.80um
[INFO GRT-0237] Net _00601_ global route wire length: 0.00um
[INFO GRT-0237] Net _00602_ global route wire length: 28.80um
[INFO GRT-0237] Net _00603_ global route wire length: 14.40um
[INFO GRT-0237] Net _00604_ global route wire length: 14.40um
[INFO GRT-0237] Net _00605_ global route wire length: 14.40um
[INFO GRT-0237] Net _00606_ global route wire length: 14.40um
[INFO GRT-0237] Net _00607_ global route wire length: 28.80um
[INFO GRT-0237] Net _00608_ global route wire length: 21.60um
[INFO GRT-0237] Net _00609_ global route wire length: 14.40um
[INFO GRT-0237] Net _00610_ global route wire length: 14.40um
[INFO GRT-0237] Net _00611_ global route wire length: 14.40um
[INFO GRT-0237] Net _00612_ global route wire length: 0.00um
[INFO GRT-0237] Net _00613_ global route wire length: 14.40um
[INFO GRT-0237] Net _00614_ global route wire length: 14.40um
[INFO GRT-0237] Net _00615_ global route wire length: 0.00um
[INFO GRT-0237] Net _00616_ global route wire length: 0.00um
[INFO GRT-0237] Net _00617_ global route wire length: 0.00um
[INFO GRT-0237] Net _00618_ global route wire length: 0.00um
[INFO GRT-0237] Net _00619_ global route wire length: 0.00um
[INFO GRT-0237] Net _00620_ global route wire length: 14.40um
[INFO GRT-0237] Net _00621_ global route wire length: 0.00um
[INFO GRT-0237] Net _00622_ global route wire length: 0.00um
[INFO GRT-0237] Net _00623_ global route wire length: 28.80um
[INFO GRT-0237] Net _00624_ global route wire length: 14.40um
[INFO GRT-0237] Net _00625_ global route wire length: 14.40um
[INFO GRT-0237] Net _00626_ global route wire length: 14.40um
[INFO GRT-0237] Net _00627_ global route wire length: 14.40um
[INFO GRT-0237] Net _00628_ global route wire length: 14.40um
[INFO GRT-0237] Net _00629_ global route wire length: 28.80um
[INFO GRT-0237] Net _00630_ global route wire length: 28.80um
[INFO GRT-0237] Net _00631_ global route wire length: 0.00um
[INFO GRT-0237] Net _00632_ global route wire length: 14.40um
[INFO GRT-0237] Net _00633_ global route wire length: 14.40um
[INFO GRT-0237] Net _00634_ global route wire length: 0.00um
[INFO GRT-0237] Net _00635_ global route wire length: 14.40um
[INFO GRT-0237] Net _00636_ global route wire length: 28.80um
[INFO GRT-0237] Net _00637_ global route wire length: 28.80um
[INFO GRT-0237] Net _00638_ global route wire length: 36.00um
[INFO GRT-0237] Net _00639_ global route wire length: 0.00um
[INFO GRT-0237] Net _00640_ global route wire length: 28.80um
[INFO GRT-0237] Net _00641_ global route wire length: 21.60um
[INFO GRT-0237] Net _00642_ global route wire length: 0.00um
[INFO GRT-0237] Net _00643_ global route wire length: 0.00um
[INFO GRT-0237] Net _00644_ global route wire length: 0.00um
[INFO GRT-0237] Net _00645_ global route wire length: 14.40um
[INFO GRT-0237] Net _00646_ global route wire length: 28.80um
[INFO GRT-0237] Net _00647_ global route wire length: 14.40um
[INFO GRT-0237] Net _00648_ global route wire length: 0.00um
[INFO GRT-0237] Net _00649_ global route wire length: 0.00um
[INFO GRT-0237] Net _00650_ global route wire length: 14.40um
[INFO GRT-0237] Net _00651_ global route wire length: 28.80um
[INFO GRT-0237] Net _00652_ global route wire length: 14.40um
[INFO GRT-0237] Net _00653_ global route wire length: 14.40um
[INFO GRT-0237] Net _00654_ global route wire length: 0.00um
[INFO GRT-0237] Net _00655_ global route wire length: 28.80um
[INFO GRT-0237] Net _00656_ global route wire length: 14.40um
[INFO GRT-0237] Net _00657_ global route wire length: 14.40um
[INFO GRT-0237] Net _00658_ global route wire length: 0.00um
[INFO GRT-0237] Net _00659_ global route wire length: 14.40um
[INFO GRT-0237] Net _00660_ global route wire length: 0.00um
[INFO GRT-0237] Net _00661_ global route wire length: 0.00um
[INFO GRT-0237] Net _00662_ global route wire length: 14.40um
[INFO GRT-0237] Net _00663_ global route wire length: 0.00um
[INFO GRT-0237] Net _00664_ global route wire length: 28.80um
[INFO GRT-0237] Net _00665_ global route wire length: 0.00um
[INFO GRT-0237] Net _00666_ global route wire length: 0.00um
[INFO GRT-0237] Net _00667_ global route wire length: 36.00um
[INFO GRT-0237] Net _00668_ global route wire length: 0.00um
[INFO GRT-0237] Net _00669_ global route wire length: 14.40um
[INFO GRT-0237] Net _00670_ global route wire length: 0.00um
[INFO GRT-0237] Net _00671_ global route wire length: 28.80um
[INFO GRT-0237] Net _00672_ global route wire length: 0.00um
[INFO GRT-0237] Net _00673_ global route wire length: 0.00um
[INFO GRT-0237] Net _00674_ global route wire length: 14.40um
[INFO GRT-0237] Net _00675_ global route wire length: 0.00um
[INFO GRT-0237] Net _00676_ global route wire length: 28.80um
[INFO GRT-0237] Net _00677_ global route wire length: 28.80um
[INFO GRT-0237] Net _00678_ global route wire length: 14.40um
[INFO GRT-0237] Net _00679_ global route wire length: 0.00um
[INFO GRT-0237] Net _00680_ global route wire length: 14.40um
[INFO GRT-0237] Net _00681_ global route wire length: 28.80um
[INFO GRT-0237] Net _00682_ global route wire length: 28.80um
[INFO GRT-0237] Net _00683_ global route wire length: 14.40um
[INFO GRT-0237] Net _00684_ global route wire length: 28.80um
[INFO GRT-0237] Net _00685_ global route wire length: 14.40um
[INFO GRT-0237] Net _00686_ global route wire length: 14.40um
[INFO GRT-0237] Net _00687_ global route wire length: 14.40um
[INFO GRT-0237] Net _00688_ global route wire length: 14.40um
[INFO GRT-0237] Net _00689_ global route wire length: 14.40um
[INFO GRT-0237] Net _00690_ global route wire length: 14.40um
[INFO GRT-0237] Net _00691_ global route wire length: 14.40um
[INFO GRT-0237] Net _00692_ global route wire length: 14.40um
[INFO GRT-0237] Net _00693_ global route wire length: 14.40um
[INFO GRT-0237] Net _00694_ global route wire length: 28.80um
[INFO GRT-0237] Net _00695_ global route wire length: 28.80um
[INFO GRT-0237] Net _00696_ global route wire length: 14.40um
[INFO GRT-0237] Net _00697_ global route wire length: 28.80um
[INFO GRT-0237] Net _00698_ global route wire length: 14.40um
[INFO GRT-0237] Net _00699_ global route wire length: 14.40um
[INFO GRT-0237] Net _00700_ global route wire length: 28.80um
[INFO GRT-0237] Net _00701_ global route wire length: 0.00um
[INFO GRT-0237] Net _00702_ global route wire length: 0.00um
[INFO GRT-0237] Net _00703_ global route wire length: 14.40um
[INFO GRT-0237] Net _00704_ global route wire length: 0.00um
[INFO GRT-0237] Net _00705_ global route wire length: 0.00um
[INFO GRT-0237] Net _00706_ global route wire length: 14.40um
[INFO GRT-0237] Net _00707_ global route wire length: 14.40um
[INFO GRT-0237] Net _00708_ global route wire length: 0.00um
[INFO GRT-0237] Net _00709_ global route wire length: 14.40um
[INFO GRT-0237] Net _00710_ global route wire length: 0.00um
[INFO GRT-0237] Net _00711_ global route wire length: 0.00um
[INFO GRT-0237] Net _00712_ global route wire length: 14.40um
[INFO GRT-0237] Net _00713_ global route wire length: 14.40um
[INFO GRT-0237] Net _00714_ global route wire length: 0.00um
[INFO GRT-0237] Net _00715_ global route wire length: 14.40um
[INFO GRT-0237] Net _00716_ global route wire length: 0.00um
[INFO GRT-0237] Net _00717_ global route wire length: 0.00um
[INFO GRT-0237] Net _00718_ global route wire length: 0.00um
[INFO GRT-0237] Net _00719_ global route wire length: 0.00um
[INFO GRT-0237] Net _00720_ global route wire length: 14.40um
[INFO GRT-0237] Net _00721_ global route wire length: 14.40um
[INFO GRT-0237] Net _00722_ global route wire length: 0.00um
[INFO GRT-0237] Net _00723_ global route wire length: 14.40um
[INFO GRT-0237] Net _00724_ global route wire length: 14.40um
[INFO GRT-0237] Net _00725_ global route wire length: 14.40um
[INFO GRT-0237] Net _00726_ global route wire length: 0.00um
[INFO GRT-0237] Net _00727_ global route wire length: 28.80um
[INFO GRT-0237] Net _00728_ global route wire length: 14.40um
[INFO GRT-0237] Net _00729_ global route wire length: 28.80um
[INFO GRT-0237] Net _00730_ global route wire length: 28.80um
[INFO GRT-0237] Net _00731_ global route wire length: 21.60um
[INFO GRT-0237] Net _00732_ global route wire length: 0.00um
[INFO GRT-0237] Net _00733_ global route wire length: 14.40um
[INFO GRT-0237] Net _00734_ global route wire length: 14.40um
[INFO GRT-0237] Net _00735_ global route wire length: 14.40um
[INFO GRT-0237] Net _00736_ global route wire length: 14.40um
[INFO GRT-0237] Net _00737_ global route wire length: 14.40um
[INFO GRT-0237] Net _00738_ global route wire length: 14.40um
[INFO GRT-0237] Net _00739_ global route wire length: 14.40um
[INFO GRT-0237] Net _00740_ global route wire length: 0.00um
[INFO GRT-0237] Net _00741_ global route wire length: 28.80um
[INFO GRT-0237] Net _00742_ global route wire length: 0.00um
[INFO GRT-0237] Net _00743_ global route wire length: 0.00um
[INFO GRT-0237] Net _00744_ global route wire length: 14.40um
[INFO GRT-0237] Net _00745_ global route wire length: 0.00um
[INFO GRT-0237] Net _00746_ global route wire length: 14.40um
[INFO GRT-0237] Net _00747_ global route wire length: 28.80um
[INFO GRT-0237] Net _00748_ global route wire length: 14.40um
[INFO GRT-0237] Net _00749_ global route wire length: 28.80um
[INFO GRT-0237] Net _00750_ global route wire length: 0.00um
[INFO GRT-0237] Net _00751_ global route wire length: 14.40um
[INFO GRT-0237] Net _00752_ global route wire length: 0.00um
[INFO GRT-0237] Net _00753_ global route wire length: 14.40um
[INFO GRT-0237] Net _00754_ global route wire length: 14.40um
[INFO GRT-0237] Net _00755_ global route wire length: 0.00um
[INFO GRT-0237] Net _00756_ global route wire length: 14.40um
[INFO GRT-0237] Net _00757_ global route wire length: 14.40um
[INFO GRT-0237] Net _00758_ global route wire length: 28.80um
[INFO GRT-0237] Net _00759_ global route wire length: 14.40um
[INFO GRT-0237] Net _00760_ global route wire length: 0.00um
[INFO GRT-0237] Net _00761_ global route wire length: 14.40um
[INFO GRT-0237] Net _00762_ global route wire length: 28.80um
[INFO GRT-0237] Net _00763_ global route wire length: 0.00um
[INFO GRT-0237] Net _00764_ global route wire length: 0.00um
[INFO GRT-0237] Net _00765_ global route wire length: 0.00um
[INFO GRT-0237] Net _00766_ global route wire length: 0.00um
[INFO GRT-0237] Net _00767_ global route wire length: 0.00um
[INFO GRT-0237] Net _00768_ global route wire length: 0.00um
[INFO GRT-0237] Net _00769_ global route wire length: 0.00um
[INFO GRT-0237] Net _00770_ global route wire length: 14.40um
[INFO GRT-0237] Net _00771_ global route wire length: 28.80um
[INFO GRT-0237] Net _00772_ global route wire length: 0.00um
[INFO GRT-0237] Net _00773_ global route wire length: 28.80um
[INFO GRT-0237] Net _00774_ global route wire length: 21.60um
[INFO GRT-0237] Net _00775_ global route wire length: 14.40um
[INFO GRT-0237] Net _00776_ global route wire length: 0.00um
[INFO GRT-0237] Net _00777_ global route wire length: 14.40um
[INFO GRT-0237] Net _00778_ global route wire length: 14.40um
[INFO GRT-0237] Net _00779_ global route wire length: 14.40um
[INFO GRT-0237] Net _00780_ global route wire length: 21.60um
[INFO GRT-0237] Net _00781_ global route wire length: 0.00um
[INFO GRT-0237] Net _00782_ global route wire length: 14.40um
[INFO GRT-0237] Net _00783_ global route wire length: 0.00um
[INFO GRT-0237] Net _00784_ global route wire length: 14.40um
[INFO GRT-0237] Net _00785_ global route wire length: 0.00um
[INFO GRT-0237] Net _00786_ global route wire length: 14.40um
[INFO GRT-0237] Net _00787_ global route wire length: 0.00um
[INFO GRT-0237] Net _00788_ global route wire length: 14.40um
[INFO GRT-0237] Net _00789_ global route wire length: 14.40um
[INFO GRT-0237] Net _00790_ global route wire length: 14.40um
[INFO GRT-0237] Net _00791_ global route wire length: 14.40um
[INFO GRT-0237] Net _00792_ global route wire length: 14.40um
[INFO GRT-0237] Net _00793_ global route wire length: 14.40um
[INFO GRT-0237] Net _00794_ global route wire length: 0.00um
[INFO GRT-0237] Net _00795_ global route wire length: 0.00um
[INFO GRT-0237] Net _00796_ global route wire length: 28.80um
[INFO GRT-0237] Net _00797_ global route wire length: 0.00um
[INFO GRT-0237] Net _00798_ global route wire length: 0.00um
[INFO GRT-0237] Net _00799_ global route wire length: 14.40um
[INFO GRT-0237] Net _00800_ global route wire length: 28.80um
[INFO GRT-0237] Net _00801_ global route wire length: 0.00um
[INFO GRT-0237] Net _00802_ global route wire length: 14.40um
[INFO GRT-0237] Net _00803_ global route wire length: 14.40um
[INFO GRT-0237] Net _00804_ global route wire length: 28.80um
[INFO GRT-0237] Net _00805_ global route wire length: 14.40um
[INFO GRT-0237] Net _00806_ global route wire length: 0.00um
[INFO GRT-0237] Net _00807_ global route wire length: 14.40um
[INFO GRT-0237] Net _00808_ global route wire length: 14.40um
[INFO GRT-0237] Net _00809_ global route wire length: 14.40um
[INFO GRT-0237] Net _00810_ global route wire length: 14.40um
[INFO GRT-0237] Net _00811_ global route wire length: 14.40um
[INFO GRT-0237] Net _00812_ global route wire length: 28.80um
[INFO GRT-0237] Net _00813_ global route wire length: 0.00um
[INFO GRT-0237] Net _00814_ global route wire length: 14.40um
[INFO GRT-0237] Net _00815_ global route wire length: 0.00um
[INFO GRT-0237] Net _00816_ global route wire length: 0.00um
[INFO GRT-0237] Net _00817_ global route wire length: 0.00um
[INFO GRT-0237] Net _00818_ global route wire length: 0.00um
[INFO GRT-0237] Net _00819_ global route wire length: 0.00um
[INFO GRT-0237] Net _00820_ global route wire length: 14.40um
[INFO GRT-0237] Net _00821_ global route wire length: 0.00um
[INFO GRT-0237] Net _00822_ global route wire length: 0.00um
[INFO GRT-0237] Net _00823_ global route wire length: 0.00um
[INFO GRT-0237] Net _00824_ global route wire length: 14.40um
[INFO GRT-0237] Net _00825_ global route wire length: 14.40um
[INFO GRT-0237] Net _00826_ global route wire length: 0.00um
[INFO GRT-0237] Net _00827_ global route wire length: 28.80um
[INFO GRT-0237] Net _00828_ global route wire length: 0.00um
[INFO GRT-0237] Net _00829_ global route wire length: 14.40um
[INFO GRT-0237] Net _00830_ global route wire length: 14.40um
[INFO GRT-0237] Net _00831_ global route wire length: 14.40um
[INFO GRT-0237] Net _00832_ global route wire length: 14.40um
[INFO GRT-0237] Net _00833_ global route wire length: 14.40um
[INFO GRT-0237] Net _00834_ global route wire length: 0.00um
[INFO GRT-0237] Net _00835_ global route wire length: 36.00um
[INFO GRT-0237] Net _00836_ global route wire length: 14.40um
[INFO GRT-0237] Net _00837_ global route wire length: 14.40um
[INFO GRT-0237] Net _00838_ global route wire length: 14.40um
[INFO GRT-0237] Net _00839_ global route wire length: 0.00um
[INFO GRT-0237] Net _00840_ global route wire length: 0.00um
[INFO GRT-0237] Net _00841_ global route wire length: 14.40um
[INFO GRT-0237] Net _00842_ global route wire length: 0.00um
[INFO GRT-0237] Net _00843_ global route wire length: 14.40um
[INFO GRT-0237] Net _00844_ global route wire length: 14.40um
[INFO GRT-0237] Net _00845_ global route wire length: 14.40um
[INFO GRT-0237] Net _00846_ global route wire length: 14.40um
[INFO GRT-0237] Net _00847_ global route wire length: 0.00um
[INFO GRT-0237] Net _00848_ global route wire length: 0.00um
[INFO GRT-0237] Net _00849_ global route wire length: 14.40um
[INFO GRT-0237] Net _00850_ global route wire length: 0.00um
[INFO GRT-0237] Net _00851_ global route wire length: 14.40um
[INFO GRT-0237] Net _00852_ global route wire length: 28.80um
[INFO GRT-0237] Net _00853_ global route wire length: 0.00um
[INFO GRT-0237] Net _00854_ global route wire length: 0.00um
[INFO GRT-0237] Net _00855_ global route wire length: 28.80um
[INFO GRT-0237] Net _00856_ global route wire length: 14.40um
[INFO GRT-0237] Net _00857_ global route wire length: 14.40um
[INFO GRT-0237] Net _00858_ global route wire length: 0.00um
[INFO GRT-0237] Net _00859_ global route wire length: 14.40um
[INFO GRT-0237] Net _00860_ global route wire length: 14.40um
[INFO GRT-0237] Net _00861_ global route wire length: 14.40um
[INFO GRT-0237] Net _00862_ global route wire length: 28.80um
[INFO GRT-0237] Net _00863_ global route wire length: 0.00um
[INFO GRT-0237] Net _00864_ global route wire length: 14.40um
[INFO GRT-0237] Net _00865_ global route wire length: 14.40um
[INFO GRT-0237] Net _00866_ global route wire length: 0.00um
[INFO GRT-0237] Net _00867_ global route wire length: 28.80um
[INFO GRT-0237] Net _00868_ global route wire length: 0.00um
[INFO GRT-0237] Net _00869_ global route wire length: 0.00um
[INFO GRT-0237] Net _00870_ global route wire length: 14.40um
[INFO GRT-0237] Net _00871_ global route wire length: 28.80um
[INFO GRT-0237] Net _00872_ global route wire length: 28.80um
[INFO GRT-0237] Net _00873_ global route wire length: 28.80um
[INFO GRT-0237] Net _00874_ global route wire length: 0.00um
[INFO GRT-0237] Net _00875_ global route wire length: 14.40um
[INFO GRT-0237] Net _00876_ global route wire length: 0.00um
[INFO GRT-0237] Net _00877_ global route wire length: 14.40um
[INFO GRT-0237] Net _00878_ global route wire length: 14.40um
[INFO GRT-0237] Net _00879_ global route wire length: 14.40um
[INFO GRT-0237] Net _00880_ global route wire length: 14.40um
[INFO GRT-0237] Net _00881_ global route wire length: 14.40um
[INFO GRT-0237] Net _00882_ global route wire length: 14.40um
[INFO GRT-0237] Net _00883_ global route wire length: 14.40um
[INFO GRT-0237] Net _00884_ global route wire length: 14.40um
[INFO GRT-0237] Net _00885_ global route wire length: 14.40um
[INFO GRT-0237] Net _00886_ global route wire length: 36.00um
[INFO GRT-0237] Net _00887_ global route wire length: 14.40um
[INFO GRT-0237] Net _00888_ global route wire length: 28.80um
[INFO GRT-0237] Net _00889_ global route wire length: 14.40um
[INFO GRT-0237] Net _00890_ global route wire length: 14.40um
[INFO GRT-0237] Net _00891_ global route wire length: 14.40um
[INFO GRT-0237] Net _00892_ global route wire length: 0.00um
[INFO GRT-0237] Net _00893_ global route wire length: 14.40um
[INFO GRT-0237] Net _00894_ global route wire length: 14.40um
[INFO GRT-0237] Net _00895_ global route wire length: 0.00um
[INFO GRT-0237] Net _00896_ global route wire length: 14.40um
[INFO GRT-0237] Net _00897_ global route wire length: 14.40um
[INFO GRT-0237] Net _00898_ global route wire length: 0.00um
[INFO GRT-0237] Net _00899_ global route wire length: 0.00um
[INFO GRT-0237] Net _00900_ global route wire length: 28.80um
[INFO GRT-0237] Net _00901_ global route wire length: 14.40um
[INFO GRT-0237] Net _00902_ global route wire length: 14.40um
[INFO GRT-0237] Net _00903_ global route wire length: 28.80um
[INFO GRT-0237] Net _00904_ global route wire length: 36.00um
[INFO GRT-0237] Net _00905_ global route wire length: 14.40um
[INFO GRT-0237] Net _00906_ global route wire length: 14.40um
[INFO GRT-0237] Net _00907_ global route wire length: 14.40um
[INFO GRT-0237] Net _00908_ global route wire length: 14.40um
[INFO GRT-0237] Net _00909_ global route wire length: 0.00um
[INFO GRT-0237] Net _00910_ global route wire length: 14.40um
[INFO GRT-0237] Net _00911_ global route wire length: 0.00um
[INFO GRT-0237] Net _00912_ global route wire length: 0.00um
[INFO GRT-0237] Net _00913_ global route wire length: 14.40um
[INFO GRT-0237] Net _00914_ global route wire length: 14.40um
[INFO GRT-0237] Net _00915_ global route wire length: 14.40um
[INFO GRT-0237] Net _00916_ global route wire length: 28.80um
[INFO GRT-0237] Net _00917_ global route wire length: 36.00um
[INFO GRT-0237] Net _00918_ global route wire length: 14.40um
[INFO GRT-0237] Net _00919_ global route wire length: 14.40um
[INFO GRT-0237] Net _00920_ global route wire length: 0.00um
[INFO GRT-0237] Net _00921_ global route wire length: 0.00um
[INFO GRT-0237] Net _00922_ global route wire length: 14.40um
[INFO GRT-0237] Net _00923_ global route wire length: 0.00um
[INFO GRT-0237] Net _00924_ global route wire length: 28.80um
[INFO GRT-0237] Net _00925_ global route wire length: 28.80um
[INFO GRT-0237] Net _00926_ global route wire length: 0.00um
[INFO GRT-0237] Net _00927_ global route wire length: 0.00um
[INFO GRT-0237] Net _00928_ global route wire length: 14.40um
[INFO GRT-0237] Net _00929_ global route wire length: 14.40um
[INFO GRT-0237] Net _00930_ global route wire length: 14.40um
[INFO GRT-0237] Net _00931_ global route wire length: 0.00um
[INFO GRT-0237] Net _00932_ global route wire length: 0.00um
[INFO GRT-0237] Net _00933_ global route wire length: 14.40um
[INFO GRT-0237] Net _00934_ global route wire length: 14.40um
[INFO GRT-0237] Net _00935_ global route wire length: 28.80um
[INFO GRT-0237] Net _00936_ global route wire length: 14.40um
[INFO GRT-0237] Net _00937_ global route wire length: 14.40um
[INFO GRT-0237] Net _00938_ global route wire length: 14.40um
[INFO GRT-0237] Net _00939_ global route wire length: 14.40um
[INFO GRT-0237] Net _00940_ global route wire length: 0.00um
[INFO GRT-0237] Net _00941_ global route wire length: 28.80um
[INFO GRT-0237] Net _00942_ global route wire length: 0.00um
[INFO GRT-0237] Net _00943_ global route wire length: 0.00um
[INFO GRT-0237] Net _00944_ global route wire length: 0.00um
[INFO GRT-0237] Net _00945_ global route wire length: 14.40um
[INFO GRT-0237] Net _00946_ global route wire length: 14.40um
[INFO GRT-0237] Net _00947_ global route wire length: 0.00um
[INFO GRT-0237] Net _00948_ global route wire length: 36.00um
[INFO GRT-0237] Net _00949_ global route wire length: 28.80um
[INFO GRT-0237] Net _00950_ global route wire length: 14.40um
[INFO GRT-0237] Net _00951_ global route wire length: 14.40um
[INFO GRT-0237] Net _00952_ global route wire length: 14.40um
[INFO GRT-0237] Net _00953_ global route wire length: 14.40um
[INFO GRT-0237] Net _00954_ global route wire length: 14.40um
[INFO GRT-0237] Net _00955_ global route wire length: 0.00um
[INFO GRT-0237] Net _00956_ global route wire length: 14.40um
[INFO GRT-0237] Net _00957_ global route wire length: 0.00um
[INFO GRT-0237] Net _00958_ global route wire length: 28.80um
[INFO GRT-0237] Net _00959_ global route wire length: 28.80um
[INFO GRT-0237] Net _00960_ global route wire length: 36.00um
[INFO GRT-0237] Net _00961_ global route wire length: 0.00um
[INFO GRT-0237] Net _00962_ global route wire length: 28.80um
[INFO GRT-0237] Net _00963_ global route wire length: 0.00um
[INFO GRT-0237] Net _00964_ global route wire length: 14.40um
[INFO GRT-0237] Net _00965_ global route wire length: 28.80um
[INFO GRT-0237] Net _00966_ global route wire length: 14.40um
[INFO GRT-0237] Net _00967_ global route wire length: 14.40um
[INFO GRT-0237] Net _00968_ global route wire length: 0.00um
[INFO GRT-0237] Net _00969_ global route wire length: 0.00um
[INFO GRT-0237] Net _00970_ global route wire length: 14.40um
[INFO GRT-0237] Net _00971_ global route wire length: 14.40um
[INFO GRT-0237] Net _00972_ global route wire length: 0.00um
[INFO GRT-0237] Net _00973_ global route wire length: 14.40um
[INFO GRT-0237] Net _00974_ global route wire length: 28.80um
[INFO GRT-0237] Net _00975_ global route wire length: 28.80um
[INFO GRT-0237] Net _00976_ global route wire length: 14.40um
[INFO GRT-0237] Net _00977_ global route wire length: 0.00um
[INFO GRT-0237] Net _00978_ global route wire length: 28.80um
[INFO GRT-0237] Net _00979_ global route wire length: 14.40um
[INFO GRT-0237] Net _00980_ global route wire length: 0.00um
[INFO GRT-0237] Net _00981_ global route wire length: 0.00um
[INFO GRT-0237] Net _00982_ global route wire length: 14.40um
[INFO GRT-0237] Net _00983_ global route wire length: 0.00um
[INFO GRT-0237] Net _00984_ global route wire length: 28.80um
[INFO GRT-0237] Net _00985_ global route wire length: 21.60um
[INFO GRT-0237] Net _00986_ global route wire length: 0.00um
[INFO GRT-0237] Net _00987_ global route wire length: 0.00um
[INFO GRT-0237] Net _00988_ global route wire length: 0.00um
[INFO GRT-0237] Net _00989_ global route wire length: 14.40um
[INFO GRT-0237] Net _00990_ global route wire length: 14.40um
[INFO GRT-0237] Net _00991_ global route wire length: 28.80um
[INFO GRT-0237] Net _00992_ global route wire length: 28.80um
[INFO GRT-0237] Net _00993_ global route wire length: 28.80um
[INFO GRT-0237] Net _00994_ global route wire length: 14.40um
[INFO GRT-0237] Net _00995_ global route wire length: 14.40um
[INFO GRT-0237] Net _00996_ global route wire length: 14.40um
[INFO GRT-0237] Net _00997_ global route wire length: 0.00um
[INFO GRT-0237] Net _00998_ global route wire length: 14.40um
[INFO GRT-0237] Net _00999_ global route wire length: 28.80um
[INFO GRT-0237] message limit (1000) reached. This message will no longer print.
Loading design from runs/riscv32i_v2/clustered.odb...
$ source pdk/setRC.tcl
$ read_sdc designs/riscv32i_v2/constraints.sdc
$ source pdk/setRC.tcl
$ read_sdc designs/riscv32i_v2/constraints.sdc
$ clock_tree_synthesis -sink_clustering_enable -repair_clock_nets
$ estimate_parasitics -placement
$ detailed_placement
$ global_route
$ estimate_parasitics -global_routing
$ repair_design
$ global_route -start_incremental
$ detailed_placement
$ global_route -end_incremental
$ estimate_parasitics -global_routing
$ repair_timing -setup_margin 0 -hold_margin 0 -repair_tns 100 -verbose -skip_gate_cloning
$ global_route -start_incremental
$ detailed_placement
$ global_route -end_incremental
$ global_route -start_incremental
$ global_route -end_incremental
$ estimate_parasitics -global_routing
$ report_clock_min_period > /tmp/min_period_riscv32i_v2.txt
$ report_tns > /tmp/tns_riscv32i_v2.txt
$ report_cts -out_file /tmp/cts_riscv32i_v2.txt
Report written to result/riscv32i_v2_report.json
{
  "design": "riscv32i_v2",
  "instance_count": 9331,
  "total_area": 138783.46,
  "total_ffs": 1033,
  "mbff_count": 9,
  "single_ff_count": 1024,
  "mbff_ratio": 0.008712487899322363,
  "mbff_masters": {
    "sg13g2_dfrbpq_H2V2X_1": 9
  },
  "empty_pins": 4,
  "clock_buffer_count": 77,
  "sink_count": 1033,
  "total_wirelength": 520.14,
  "static_power": 2e-06,
  "total_power": 0.013382,
  "displacement": {
    "total_um": 28330.87,
    "max_um": 16.16,
    "mean_um": 3.04
  },
  "missing_comb_cells": [],
  "added_comb_cells": [],
  "half_connected_pin_pairs": 0,
  "expected_clock_period": 4.79,
  "total_negative_slack": -3.94
}
