OpenROAD 26Q1-1636-g52ff2a5ea5 
Features included (+) or not (-): +GPU +GUI +Python
This program is licensed under the BSD-3 license. See the LICENSE file for details.
Components of this program may be licensed under more restrictive licenses which must be honored.
[WARNING ORD-0039] .openroad ignored with -python
[WARNING STA-1187] pdk/lib/sg13g2_stdcell_typ_1p20V_25C_mbff.lib line 155, wireload 1.0k not found.
[WARNING STA-1187] pdk/lib/sg13g2_stdcell_typ_1p20V_25C_mbff.lib line 156, wireload 5.0k not found.
[WARNING STA-1187] pdk/lib/sg13g2_stdcell_typ_1p20V_25C_mbff.lib line 157, wireload 1.0k not found.
[WARNING STA-1187] pdk/lib/sg13g2_stdcell_typ_1p20V_25C_mbff.lib line 158, wireload 2.0k not found.
[WARNING STA-1187] pdk/lib/sg13g2_stdcell_typ_1p20V_25C_mbff.lib line 159, wireload 5.0k not found.
[WARNING STA-1187] pdk/lib/sg13g2_stdcell_typ_1p20V_25C_mbff.lib line 160, wireload 10.0k not found.
[WARNING STA-1187] pdk/lib/sg13g2_stdcell_typ_1p20V_25C_mbff.lib line 161, wireload 30.0k not found.
[WARNING STA-1187] pdk/lib/sg13g2_stdcell_typ_1p20V_25C_mbff.lib line 162, wireload 50.0k not found.
[WARNING STA-1187] pdk/lib/sg13g2_stdcell_typ_1p20V_25C_mbff.lib line 163, wireload 100.0k not found.
[WARNING STA-1187] pdk/lib/sg13g2_stdcell_typ_1p20V_25C_mbff.lib line 164, wireload 200.0k not found.
[WARNING STA-1187] pdk/lib/sg13g2_stdcell_typ_1p20V_25C_mbff.lib line 165, wireload 500.0k not found.
[WARNING ORD-2056] The following 7 liberty cell(s) do not have LEF masters and will be marked as dont-use:
  sg13g2_dfrbp_H2V2X_1
  sg13g2_dfrbp_H2V2X_2
  sg13g2_dfrbp_V2X_1
  sg13g2_dfrbp_V2X_2
  sg13g2_dfrbp_V4X_1
  sg13g2_dfrbp_V4X_2
  sg13g2_dfrbpq_H2V2X_2
Loading design...
Performing MBFF clustering...
  Clusterable flops: 1056 / 1056 single-bit FFs in 1029 clock/reset bucket(s)
  Left unchanged -> no-clk/d:0  no-reset(strict):0  extra-input:0  no-output:0
  MBFF masters: sg13g2_dfrbpq_H2V2X_1(4b), sg13g2_dfrbpq_V2X_1(2b)
  Wrote runs/riscv32i_v1/changelist.json (10 MBFFs)
MBFF clustering summary (GLSVLSI'24 divide-and-conquer flow)
  MBFFs created      : 10
    sg13g2_dfrbpq_H2V2X_1     : 7  (4-bit)
    sg13g2_dfrbpq_V2X_1       : 3  (2-bit)
  Single flops merged: 32 / 1056
  Empty MBFF bits    : 2
  Avg displacement   : 8.84 um  (alpha=256.0, beta=0.2, U=500)
Writing Database...
Wrote to runs/riscv32i_v1/clustered.odb
